<html>
<head>
<title>TestNG:  ADL</title>
<link href="../testng.css" rel="stylesheet" type="text/css" />
<link href="../my-testng.css" rel="stylesheet" type="text/css" />

<style type="text/css">
.log { display: none;} 
.stack-trace { display: none;} 
</style>
<script type="text/javascript">
<!--
function flip(e) {
  current = e.style.display;
  if (current == 'block') {
    e.style.display = 'none';
    return 0;
  }
  else {
    e.style.display = 'block';
    return 1;
  }
}

function toggleBox(szDivId, elem, msg1, msg2)
{
  var res = -1;  if (document.getElementById) {
    res = flip(document.getElementById(szDivId));
  }
  else if (document.all) {
    // this is the way old msie versions work
    res = flip(document.all[szDivId]);
  }
  if(elem) {
    if(res == 0) elem.innerHTML = msg1; else elem.innerHTML = msg2;
  }

}

function toggleAllBoxes() {
  if (document.getElementsByTagName) {
    d = document.getElementsByTagName('div');
    for (i = 0; i < d.length; i++) {
      if (d[i].className == 'log') {
        flip(d[i]);
      }
    }
  }
}

// -->
</script>

</head>
<body>
<h2 align='center'>ADL</h2><table border='1' align="center">
<tr>
<td>Tests passed/Failed/Skipped:</td><td>37/2/2</td>
</tr><tr>
<td>Started on:</td><td>Fri Apr 22 00:09:23 PDT 2022</td>
</tr>
<tr><td>Total time:</td><td>387 seconds (387330 ms)</td>
</tr><tr>
<td>Included groups:</td><td></td>
</tr><tr>
<td>Excluded groups:</td><td></td>
</tr>
</table><p/>
<small><i>(Hover the method name to see the test class name)</i></small><p/>
<table width='100%' border='1' class='invocation-failed'>
<tr><td colspan='4' align='center'><b>FAILED CONFIGURATIONS</b></td></tr>
<tr><td><b>Test method</b></td>
<td width="30%"><b>Exception</b></td>
<td width="10%"><b>Time (seconds)</b></td>
<td><b>Instance</b></td>
</tr>
<tr>
<td title='testsuite.baseTest.afterTestMethod()'><b>afterTestMethod</b><br>Test class: testsuite.baseTest<br>Parameters: org.testng.TestRunner@76134b9b</td>
<td><div><pre>java.lang.NullPointerException
	at utils.baseClass.afterTestMethod(baseClass.java:65)
... Removed 24 stack frames</pre></div><a href='#' onClick='toggleBox("stack-trace2107079200", this, "Click to show all stack frames", "Click to hide stack frames")'>Click to show all stack frames</a>
<div class='stack-trace' id='stack-trace2107079200'><pre>java.lang.NullPointerException
	at utils.baseClass.afterTestMethod(baseClass.java:65)
	at sun.reflect.NativeMethodAccessorImpl.invoke0(Native Method)
	at sun.reflect.NativeMethodAccessorImpl.invoke(NativeMethodAccessorImpl.java:62)
	at sun.reflect.DelegatingMethodAccessorImpl.invoke(DelegatingMethodAccessorImpl.java:43)
	at java.lang.reflect.Method.invoke(Method.java:498)
	at org.testng.internal.MethodInvocationHelper.invokeMethod(MethodInvocationHelper.java:133)
	at org.testng.internal.MethodInvocationHelper.invokeMethodConsideringTimeout(MethodInvocationHelper.java:62)
	at org.testng.internal.ConfigInvoker.invokeConfigurationMethod(ConfigInvoker.java:385)
	at org.testng.internal.ConfigInvoker.invokeConfigurations(ConfigInvoker.java:321)
	at org.testng.TestRunner.invokeTestConfigurations(TestRunner.java:637)
	at org.testng.TestRunner.afterRun(TestRunner.java:877)
	at org.testng.TestRunner.run(TestRunner.java:599)
	at org.testng.SuiteRunner.runTest(SuiteRunner.java:377)
	at org.testng.SuiteRunner.runSequentially(SuiteRunner.java:371)
	at org.testng.SuiteRunner.privateRun(SuiteRunner.java:332)
	at org.testng.SuiteRunner.run(SuiteRunner.java:276)
	at org.testng.SuiteRunnerWorker.runSuite(SuiteRunnerWorker.java:53)
	at org.testng.SuiteRunnerWorker.run(SuiteRunnerWorker.java:96)
	at org.testng.TestNG.runSuitesSequentially(TestNG.java:1212)
	at org.testng.TestNG.runSuitesLocally(TestNG.java:1134)
	at org.testng.TestNG.runSuites(TestNG.java:1063)
	at org.testng.TestNG.run(TestNG.java:1031)
	at org.testng.remote.AbstractRemoteTestNG.run(AbstractRemoteTestNG.java:115)
	at org.testng.remote.RemoteTestNG.initAndRun(RemoteTestNG.java:251)
	at org.testng.remote.RemoteTestNG.main(RemoteTestNG.java:77)
</pre></div></td>
<td>0</td>
<td>testsuite.baseTest@706a04ae</td></tr>
<tr>
<td title='testsuite.contract_test.login()'><b>login</b><br>Test class: testsuite.contract_test</td>
<td><div><pre>org.openqa.selenium.NoSuchElementException: no such element: Unable to locate element: {&quot;method&quot;:&quot;css selector&quot;,&quot;selector&quot;:&quot;input[placeholder=&quot;Enter your username&quot;]&quot;}
  (Session info: chrome=97.0.4692.99)
For documentation on this error, please visit: https://selenium.dev/exceptions/#no_such_element
Build info: version: &apos;4.0.0&apos;, revision: &apos;3a21814679&apos;
System info: host: &apos;AUL-DEV-03&apos;, ip: &apos;10.0.5.63&apos;, os.name: &apos;Windows 10&apos;, os.arch: &apos;amd64&apos;, os.version: &apos;10.0&apos;, java.version: &apos;1.8.0_261&apos;
Driver info: org.openqa.selenium.chrome.ChromeDriver
Command: [2574890323d2c222083f1381afeb6c9b, findElement {using=css selector, value=input[placeholder=&quot;Enter your username&quot;]}]
Capabilities {acceptInsecureCerts: false, browserName: chrome, browserVersion: 97.0.4692.99, chrome: {chromedriverVersion: 96.0.4664.45 (76e4c1bb2ab46..., userDataDir: C:\Users\ANKIT~1.SRI\AppDat...}, goog:chromeOptions: {debuggerAddress: localhost:58953}, javascriptEnabled: true, networkConnectionEnabled: false, pageLoadStrategy: normal, platform: WINDOWS, platformName: WINDOWS, proxy: Proxy(), se:cdp: ws://localhost:58953/devtoo..., se:cdpVersion: 97.0.4692.99, setWindowRect: true, strictFileInteractability: false, timeouts: {implicit: 0, pageLoad: 300000, script: 30000}, unhandledPromptBehavior: dismiss and notify, webauthn:extension:credBlob: true, webauthn:extension:largeBlob: true, webauthn:virtualAuthenticators: true}
Session ID: 2574890323d2c222083f1381afeb6c9b
	at org.openqa.selenium.remote.codec.w3c.W3CHttpResponseCodec.createException(W3CHttpResponseCodec.java:200)
	at org.openqa.selenium.remote.codec.w3c.W3CHttpResponseCodec.decode(W3CHttpResponseCodec.java:133)
	at org.openqa.selenium.remote.codec.w3c.W3CHttpResponseCodec.decode(W3CHttpResponseCodec.java:53)
	at org.openqa.selenium.remote.HttpCommandExecutor.execute(HttpCommandExecutor.java:184)
	at org.openqa.selenium.remote.service.DriverCommandExecutor.invokeExecute(DriverCommandExecutor.java:164)
	at org.openqa.selenium.remote.service.DriverCommandExecutor.execute(DriverCommandExecutor.java:139)
	at org.openqa.selenium.remote.RemoteWebDriver.execute(RemoteWebDriver.java:559)
	at org.openqa.selenium.remote.ElementLocation$ElementFinder$2.findElement(ElementLocation.java:162)
	at org.openqa.selenium.remote.ElementLocation.findElement(ElementLocation.java:60)
	at org.openqa.selenium.remote.RemoteWebDriver.findElement(RemoteWebDriver.java:383)
	at org.openqa.selenium.remote.RemoteWebDriver.findElement(RemoteWebDriver.java:375)
	at pageActions.loginAction.login(loginAction.java:23)
	at testsuite.contract_test.login(contract_test.java:26)
	at java.util.ArrayList.forEach(ArrayList.java:1259)
... Removed 29 stack frames</pre></div><a href='#' onClick='toggleBox("stack-trace1199141889", this, "Click to show all stack frames", "Click to hide stack frames")'>Click to show all stack frames</a>
<div class='stack-trace' id='stack-trace1199141889'><pre>org.openqa.selenium.NoSuchElementException: no such element: Unable to locate element: {&quot;method&quot;:&quot;css selector&quot;,&quot;selector&quot;:&quot;input[placeholder=&quot;Enter your username&quot;]&quot;}
  (Session info: chrome=97.0.4692.99)
For documentation on this error, please visit: https://selenium.dev/exceptions/#no_such_element
Build info: version: &apos;4.0.0&apos;, revision: &apos;3a21814679&apos;
System info: host: &apos;AUL-DEV-03&apos;, ip: &apos;10.0.5.63&apos;, os.name: &apos;Windows 10&apos;, os.arch: &apos;amd64&apos;, os.version: &apos;10.0&apos;, java.version: &apos;1.8.0_261&apos;
Driver info: org.openqa.selenium.chrome.ChromeDriver
Command: [2574890323d2c222083f1381afeb6c9b, findElement {using=css selector, value=input[placeholder=&quot;Enter your username&quot;]}]
Capabilities {acceptInsecureCerts: false, browserName: chrome, browserVersion: 97.0.4692.99, chrome: {chromedriverVersion: 96.0.4664.45 (76e4c1bb2ab46..., userDataDir: C:\Users\ANKIT~1.SRI\AppDat...}, goog:chromeOptions: {debuggerAddress: localhost:58953}, javascriptEnabled: true, networkConnectionEnabled: false, pageLoadStrategy: normal, platform: WINDOWS, platformName: WINDOWS, proxy: Proxy(), se:cdp: ws://localhost:58953/devtoo..., se:cdpVersion: 97.0.4692.99, setWindowRect: true, strictFileInteractability: false, timeouts: {implicit: 0, pageLoad: 300000, script: 30000}, unhandledPromptBehavior: dismiss and notify, webauthn:extension:credBlob: true, webauthn:extension:largeBlob: true, webauthn:virtualAuthenticators: true}
Session ID: 2574890323d2c222083f1381afeb6c9b
	at sun.reflect.NativeConstructorAccessorImpl.newInstance0(Native Method)
	at sun.reflect.NativeConstructorAccessorImpl.newInstance(NativeConstructorAccessorImpl.java:62)
	at sun.reflect.DelegatingConstructorAccessorImpl.newInstance(DelegatingConstructorAccessorImpl.java:45)
	at java.lang.reflect.Constructor.newInstance(Constructor.java:423)
	at org.openqa.selenium.remote.codec.w3c.W3CHttpResponseCodec.createException(W3CHttpResponseCodec.java:200)
	at org.openqa.selenium.remote.codec.w3c.W3CHttpResponseCodec.decode(W3CHttpResponseCodec.java:133)
	at org.openqa.selenium.remote.codec.w3c.W3CHttpResponseCodec.decode(W3CHttpResponseCodec.java:53)
	at org.openqa.selenium.remote.HttpCommandExecutor.execute(HttpCommandExecutor.java:184)
	at org.openqa.selenium.remote.service.DriverCommandExecutor.invokeExecute(DriverCommandExecutor.java:164)
	at org.openqa.selenium.remote.service.DriverCommandExecutor.execute(DriverCommandExecutor.java:139)
	at org.openqa.selenium.remote.RemoteWebDriver.execute(RemoteWebDriver.java:559)
	at org.openqa.selenium.remote.ElementLocation$ElementFinder$2.findElement(ElementLocation.java:162)
	at org.openqa.selenium.remote.ElementLocation.findElement(ElementLocation.java:60)
	at org.openqa.selenium.remote.RemoteWebDriver.findElement(RemoteWebDriver.java:383)
	at org.openqa.selenium.remote.RemoteWebDriver.findElement(RemoteWebDriver.java:375)
	at pageActions.loginAction.login(loginAction.java:23)
	at testsuite.contract_test.login(contract_test.java:26)
	at sun.reflect.NativeMethodAccessorImpl.invoke0(Native Method)
	at sun.reflect.NativeMethodAccessorImpl.invoke(NativeMethodAccessorImpl.java:62)
	at sun.reflect.DelegatingMethodAccessorImpl.invoke(DelegatingMethodAccessorImpl.java:43)
	at java.lang.reflect.Method.invoke(Method.java:498)
	at org.testng.internal.MethodInvocationHelper.invokeMethod(MethodInvocationHelper.java:133)
	at org.testng.internal.MethodInvocationHelper.invokeMethodConsideringTimeout(MethodInvocationHelper.java:62)
	at org.testng.internal.ConfigInvoker.invokeConfigurationMethod(ConfigInvoker.java:385)
	at org.testng.internal.ConfigInvoker.invokeConfigurations(ConfigInvoker.java:321)
	at org.testng.internal.TestMethodWorker.invokeBeforeClassMethods(TestMethodWorker.java:176)
	at org.testng.internal.TestMethodWorker.run(TestMethodWorker.java:122)
	at java.util.ArrayList.forEach(ArrayList.java:1259)
	at org.testng.TestRunner.privateRun(TestRunner.java:794)
	at org.testng.TestRunner.run(TestRunner.java:596)
	at org.testng.SuiteRunner.runTest(SuiteRunner.java:377)
	at org.testng.SuiteRunner.runSequentially(SuiteRunner.java:371)
	at org.testng.SuiteRunner.privateRun(SuiteRunner.java:332)
	at org.testng.SuiteRunner.run(SuiteRunner.java:276)
	at org.testng.SuiteRunnerWorker.runSuite(SuiteRunnerWorker.java:53)
	at org.testng.SuiteRunnerWorker.run(SuiteRunnerWorker.java:96)
	at org.testng.TestNG.runSuitesSequentially(TestNG.java:1212)
	at org.testng.TestNG.runSuitesLocally(TestNG.java:1134)
	at org.testng.TestNG.runSuites(TestNG.java:1063)
	at org.testng.TestNG.run(TestNG.java:1031)
	at org.testng.remote.AbstractRemoteTestNG.run(AbstractRemoteTestNG.java:115)
	at org.testng.remote.RemoteTestNG.initAndRun(RemoteTestNG.java:251)
	at org.testng.remote.RemoteTestNG.main(RemoteTestNG.java:77)
</pre></div></td>
<td>15</td>
<td>testsuite.contract_test@481a15ff</td></tr>
</table><p>
<table width='100%' border='1' class='invocation-skipped'>
<tr><td colspan='4' align='center'><b>SKIPPED CONFIGURATIONS</b></td></tr>
<tr><td><b>Test method</b></td>
<td width="30%"><b>Exception</b></td>
<td width="10%"><b>Time (seconds)</b></td>
<td><b>Instance</b></td>
</tr>
<tr>
<td title='testsuite.contract_test.close()'><b>close</b><br>Test class: testsuite.contract_test</td>
<td></td>
<td>-1650611740</td>
<td>testsuite.contract_test@481a15ff</td></tr>
</table><p>
<table width='100%' border='1' class='invocation-failed'>
<tr><td colspan='4' align='center'><b>FAILED TESTS</b></td></tr>
<tr><td><b>Test method</b></td>
<td width="30%"><b>Exception</b></td>
<td width="10%"><b>Time (seconds)</b></td>
<td><b>Instance</b></td>
</tr>
<tr>
<td title='testsuite.screenTitle_test.screenAgentTitle()'><b>screenAgentTitle</b><br>Test class: testsuite.screenTitle_test<br>Parameters: Dealer Settings, Impersonate</td>
<td><div><pre>org.openqa.selenium.NoSuchElementException: no such element: Unable to locate element: {&quot;method&quot;:&quot;css selector&quot;,&quot;selector&quot;:&quot;input[placeholder=&quot;Enter your username&quot;]&quot;}
  (Session info: chrome=97.0.4692.99)
For documentation on this error, please visit: https://selenium.dev/exceptions/#no_such_element
Build info: version: &apos;4.0.0&apos;, revision: &apos;3a21814679&apos;
System info: host: &apos;AUL-DEV-03&apos;, ip: &apos;10.0.5.63&apos;, os.name: &apos;Windows 10&apos;, os.arch: &apos;amd64&apos;, os.version: &apos;10.0&apos;, java.version: &apos;1.8.0_261&apos;
Driver info: org.openqa.selenium.chrome.ChromeDriver
Command: [2574890323d2c222083f1381afeb6c9b, findElement {using=css selector, value=input[placeholder=&quot;Enter your username&quot;]}]
Capabilities {acceptInsecureCerts: false, browserName: chrome, browserVersion: 97.0.4692.99, chrome: {chromedriverVersion: 96.0.4664.45 (76e4c1bb2ab46..., userDataDir: C:\Users\ANKIT~1.SRI\AppDat...}, goog:chromeOptions: {debuggerAddress: localhost:58953}, javascriptEnabled: true, networkConnectionEnabled: false, pageLoadStrategy: normal, platform: WINDOWS, platformName: WINDOWS, proxy: Proxy(), se:cdp: ws://localhost:58953/devtoo..., se:cdpVersion: 97.0.4692.99, setWindowRect: true, strictFileInteractability: false, timeouts: {implicit: 0, pageLoad: 300000, script: 30000}, unhandledPromptBehavior: dismiss and notify, webauthn:extension:credBlob: true, webauthn:extension:largeBlob: true, webauthn:virtualAuthenticators: true}
Session ID: 2574890323d2c222083f1381afeb6c9b
	at org.openqa.selenium.remote.codec.w3c.W3CHttpResponseCodec.createException(W3CHttpResponseCodec.java:200)
	at org.openqa.selenium.remote.codec.w3c.W3CHttpResponseCodec.decode(W3CHttpResponseCodec.java:133)
	at org.openqa.selenium.remote.codec.w3c.W3CHttpResponseCodec.decode(W3CHttpResponseCodec.java:53)
	at org.openqa.selenium.remote.HttpCommandExecutor.execute(HttpCommandExecutor.java:184)
	at org.openqa.selenium.remote.service.DriverCommandExecutor.invokeExecute(DriverCommandExecutor.java:164)
	at org.openqa.selenium.remote.service.DriverCommandExecutor.execute(DriverCommandExecutor.java:139)
	at org.openqa.selenium.remote.RemoteWebDriver.execute(RemoteWebDriver.java:559)
	at org.openqa.selenium.remote.ElementLocation$ElementFinder$2.findElement(ElementLocation.java:162)
	at org.openqa.selenium.remote.ElementLocation.findElement(ElementLocation.java:60)
	at org.openqa.selenium.remote.RemoteWebDriver.findElement(RemoteWebDriver.java:383)
	at org.openqa.selenium.remote.RemoteWebDriver.findElement(RemoteWebDriver.java:375)
	at pageActions.loginAction.login(loginAction.java:23)
	at testsuite.screenTitle_test.screenAgentTitle(screenTitle_test.java:85)
	at java.util.ArrayList.forEach(ArrayList.java:1259)
... Removed 31 stack frames</pre></div><a href='#' onClick='toggleBox("stack-trace403041430", this, "Click to show all stack frames", "Click to hide stack frames")'>Click to show all stack frames</a>
<div class='stack-trace' id='stack-trace403041430'><pre>org.openqa.selenium.NoSuchElementException: no such element: Unable to locate element: {&quot;method&quot;:&quot;css selector&quot;,&quot;selector&quot;:&quot;input[placeholder=&quot;Enter your username&quot;]&quot;}
  (Session info: chrome=97.0.4692.99)
For documentation on this error, please visit: https://selenium.dev/exceptions/#no_such_element
Build info: version: &apos;4.0.0&apos;, revision: &apos;3a21814679&apos;
System info: host: &apos;AUL-DEV-03&apos;, ip: &apos;10.0.5.63&apos;, os.name: &apos;Windows 10&apos;, os.arch: &apos;amd64&apos;, os.version: &apos;10.0&apos;, java.version: &apos;1.8.0_261&apos;
Driver info: org.openqa.selenium.chrome.ChromeDriver
Command: [2574890323d2c222083f1381afeb6c9b, findElement {using=css selector, value=input[placeholder=&quot;Enter your username&quot;]}]
Capabilities {acceptInsecureCerts: false, browserName: chrome, browserVersion: 97.0.4692.99, chrome: {chromedriverVersion: 96.0.4664.45 (76e4c1bb2ab46..., userDataDir: C:\Users\ANKIT~1.SRI\AppDat...}, goog:chromeOptions: {debuggerAddress: localhost:58953}, javascriptEnabled: true, networkConnectionEnabled: false, pageLoadStrategy: normal, platform: WINDOWS, platformName: WINDOWS, proxy: Proxy(), se:cdp: ws://localhost:58953/devtoo..., se:cdpVersion: 97.0.4692.99, setWindowRect: true, strictFileInteractability: false, timeouts: {implicit: 0, pageLoad: 300000, script: 30000}, unhandledPromptBehavior: dismiss and notify, webauthn:extension:credBlob: true, webauthn:extension:largeBlob: true, webauthn:virtualAuthenticators: true}
Session ID: 2574890323d2c222083f1381afeb6c9b
	at sun.reflect.NativeConstructorAccessorImpl.newInstance0(Native Method)
	at sun.reflect.NativeConstructorAccessorImpl.newInstance(NativeConstructorAccessorImpl.java:62)
	at sun.reflect.DelegatingConstructorAccessorImpl.newInstance(DelegatingConstructorAccessorImpl.java:45)
	at java.lang.reflect.Constructor.newInstance(Constructor.java:423)
	at org.openqa.selenium.remote.codec.w3c.W3CHttpResponseCodec.createException(W3CHttpResponseCodec.java:200)
	at org.openqa.selenium.remote.codec.w3c.W3CHttpResponseCodec.decode(W3CHttpResponseCodec.java:133)
	at org.openqa.selenium.remote.codec.w3c.W3CHttpResponseCodec.decode(W3CHttpResponseCodec.java:53)
	at org.openqa.selenium.remote.HttpCommandExecutor.execute(HttpCommandExecutor.java:184)
	at org.openqa.selenium.remote.service.DriverCommandExecutor.invokeExecute(DriverCommandExecutor.java:164)
	at org.openqa.selenium.remote.service.DriverCommandExecutor.execute(DriverCommandExecutor.java:139)
	at org.openqa.selenium.remote.RemoteWebDriver.execute(RemoteWebDriver.java:559)
	at org.openqa.selenium.remote.ElementLocation$ElementFinder$2.findElement(ElementLocation.java:162)
	at org.openqa.selenium.remote.ElementLocation.findElement(ElementLocation.java:60)
	at org.openqa.selenium.remote.RemoteWebDriver.findElement(RemoteWebDriver.java:383)
	at org.openqa.selenium.remote.RemoteWebDriver.findElement(RemoteWebDriver.java:375)
	at pageActions.loginAction.login(loginAction.java:23)
	at testsuite.screenTitle_test.screenAgentTitle(screenTitle_test.java:85)
	at sun.reflect.NativeMethodAccessorImpl.invoke0(Native Method)
	at sun.reflect.NativeMethodAccessorImpl.invoke(NativeMethodAccessorImpl.java:62)
	at sun.reflect.DelegatingMethodAccessorImpl.invoke(DelegatingMethodAccessorImpl.java:43)
	at java.lang.reflect.Method.invoke(Method.java:498)
	at org.testng.internal.MethodInvocationHelper.invokeMethod(MethodInvocationHelper.java:133)
	at org.testng.internal.TestInvoker.invokeMethod(TestInvoker.java:598)
	at org.testng.internal.TestInvoker.invokeTestMethod(TestInvoker.java:173)
	at org.testng.internal.MethodRunner.runInSequence(MethodRunner.java:46)
	at org.testng.internal.TestInvoker$MethodInvocationAgent.invoke(TestInvoker.java:824)
	at org.testng.internal.TestInvoker.invokeTestMethods(TestInvoker.java:146)
	at org.testng.internal.TestMethodWorker.invokeTestMethods(TestMethodWorker.java:146)
	at org.testng.internal.TestMethodWorker.run(TestMethodWorker.java:128)
	at java.util.ArrayList.forEach(ArrayList.java:1259)
	at org.testng.TestRunner.privateRun(TestRunner.java:794)
	at org.testng.TestRunner.run(TestRunner.java:596)
	at org.testng.SuiteRunner.runTest(SuiteRunner.java:377)
	at org.testng.SuiteRunner.runSequentially(SuiteRunner.java:371)
	at org.testng.SuiteRunner.privateRun(SuiteRunner.java:332)
	at org.testng.SuiteRunner.run(SuiteRunner.java:276)
	at org.testng.SuiteRunnerWorker.runSuite(SuiteRunnerWorker.java:53)
	at org.testng.SuiteRunnerWorker.run(SuiteRunnerWorker.java:96)
	at org.testng.TestNG.runSuitesSequentially(TestNG.java:1212)
	at org.testng.TestNG.runSuitesLocally(TestNG.java:1134)
	at org.testng.TestNG.runSuites(TestNG.java:1063)
	at org.testng.TestNG.run(TestNG.java:1031)
	at org.testng.remote.AbstractRemoteTestNG.run(AbstractRemoteTestNG.java:115)
	at org.testng.remote.RemoteTestNG.initAndRun(RemoteTestNG.java:251)
	at org.testng.remote.RemoteTestNG.main(RemoteTestNG.java:77)
</pre></div></td>
<td>15</td>
<td>testsuite.screenTitle_test@646007f4</td></tr>
<tr>
<td title='testsuite.screenTitle_test.screenAgentTitle()'><b>screenAgentTitle</b><br>Test class: testsuite.screenTitle_test<br>Parameters: Dealer Settings, Manage my Dealer Pricing</td>
<td><div><pre>org.openqa.selenium.NoSuchElementException: no such element: Unable to locate element: {&quot;method&quot;:&quot;xpath&quot;,&quot;selector&quot;:&quot;//a[contains(text(),&apos;Manage my Dealer Pricing&apos;)]&quot;}
  (Session info: chrome=97.0.4692.99)
For documentation on this error, please visit: https://selenium.dev/exceptions/#no_such_element
Build info: version: &apos;4.0.0&apos;, revision: &apos;3a21814679&apos;
System info: host: &apos;AUL-DEV-03&apos;, ip: &apos;10.0.5.63&apos;, os.name: &apos;Windows 10&apos;, os.arch: &apos;amd64&apos;, os.version: &apos;10.0&apos;, java.version: &apos;1.8.0_261&apos;
Driver info: org.openqa.selenium.chrome.ChromeDriver
Command: [2574890323d2c222083f1381afeb6c9b, findElement {using=xpath, value=//a[contains(text(),&apos;Manage my Dealer Pricing&apos;)]}]
Capabilities {acceptInsecureCerts: false, browserName: chrome, browserVersion: 97.0.4692.99, chrome: {chromedriverVersion: 96.0.4664.45 (76e4c1bb2ab46..., userDataDir: C:\Users\ANKIT~1.SRI\AppDat...}, goog:chromeOptions: {debuggerAddress: localhost:58953}, javascriptEnabled: true, networkConnectionEnabled: false, pageLoadStrategy: normal, platform: WINDOWS, platformName: WINDOWS, proxy: Proxy(), se:cdp: ws://localhost:58953/devtoo..., se:cdpVersion: 97.0.4692.99, setWindowRect: true, strictFileInteractability: false, timeouts: {implicit: 0, pageLoad: 300000, script: 30000}, unhandledPromptBehavior: dismiss and notify, webauthn:extension:credBlob: true, webauthn:extension:largeBlob: true, webauthn:virtualAuthenticators: true}
Session ID: 2574890323d2c222083f1381afeb6c9b
	at org.openqa.selenium.remote.codec.w3c.W3CHttpResponseCodec.createException(W3CHttpResponseCodec.java:200)
	at org.openqa.selenium.remote.codec.w3c.W3CHttpResponseCodec.decode(W3CHttpResponseCodec.java:133)
	at org.openqa.selenium.remote.codec.w3c.W3CHttpResponseCodec.decode(W3CHttpResponseCodec.java:53)
	at org.openqa.selenium.remote.HttpCommandExecutor.execute(HttpCommandExecutor.java:184)
	at org.openqa.selenium.remote.service.DriverCommandExecutor.invokeExecute(DriverCommandExecutor.java:164)
	at org.openqa.selenium.remote.service.DriverCommandExecutor.execute(DriverCommandExecutor.java:139)
	at org.openqa.selenium.remote.RemoteWebDriver.execute(RemoteWebDriver.java:559)
	at org.openqa.selenium.remote.ElementLocation$ElementFinder$2.findElement(ElementLocation.java:162)
	at org.openqa.selenium.remote.ElementLocation.findElement(ElementLocation.java:60)
	at org.openqa.selenium.remote.RemoteWebDriver.findElement(RemoteWebDriver.java:383)
	at org.openqa.selenium.remote.RemoteWebDriver.findElement(RemoteWebDriver.java:375)
	at utils.utilityClass.getfield(utilityClass.java:260)
	at pageActions.verticalMenuAction.navigatetoLeftMenu(verticalMenuAction.java:30)
	at testsuite.screenTitle_test.screenAgentTitle(screenTitle_test.java:86)
	at java.util.ArrayList.forEach(ArrayList.java:1259)
... Removed 31 stack frames</pre></div><a href='#' onClick='toggleBox("stack-trace298507058", this, "Click to show all stack frames", "Click to hide stack frames")'>Click to show all stack frames</a>
<div class='stack-trace' id='stack-trace298507058'><pre>org.openqa.selenium.NoSuchElementException: no such element: Unable to locate element: {&quot;method&quot;:&quot;xpath&quot;,&quot;selector&quot;:&quot;//a[contains(text(),&apos;Manage my Dealer Pricing&apos;)]&quot;}
  (Session info: chrome=97.0.4692.99)
For documentation on this error, please visit: https://selenium.dev/exceptions/#no_such_element
Build info: version: &apos;4.0.0&apos;, revision: &apos;3a21814679&apos;
System info: host: &apos;AUL-DEV-03&apos;, ip: &apos;10.0.5.63&apos;, os.name: &apos;Windows 10&apos;, os.arch: &apos;amd64&apos;, os.version: &apos;10.0&apos;, java.version: &apos;1.8.0_261&apos;
Driver info: org.openqa.selenium.chrome.ChromeDriver
Command: [2574890323d2c222083f1381afeb6c9b, findElement {using=xpath, value=//a[contains(text(),&apos;Manage my Dealer Pricing&apos;)]}]
Capabilities {acceptInsecureCerts: false, browserName: chrome, browserVersion: 97.0.4692.99, chrome: {chromedriverVersion: 96.0.4664.45 (76e4c1bb2ab46..., userDataDir: C:\Users\ANKIT~1.SRI\AppDat...}, goog:chromeOptions: {debuggerAddress: localhost:58953}, javascriptEnabled: true, networkConnectionEnabled: false, pageLoadStrategy: normal, platform: WINDOWS, platformName: WINDOWS, proxy: Proxy(), se:cdp: ws://localhost:58953/devtoo..., se:cdpVersion: 97.0.4692.99, setWindowRect: true, strictFileInteractability: false, timeouts: {implicit: 0, pageLoad: 300000, script: 30000}, unhandledPromptBehavior: dismiss and notify, webauthn:extension:credBlob: true, webauthn:extension:largeBlob: true, webauthn:virtualAuthenticators: true}
Session ID: 2574890323d2c222083f1381afeb6c9b
	at sun.reflect.NativeConstructorAccessorImpl.newInstance0(Native Method)
	at sun.reflect.NativeConstructorAccessorImpl.newInstance(NativeConstructorAccessorImpl.java:62)
	at sun.reflect.DelegatingConstructorAccessorImpl.newInstance(DelegatingConstructorAccessorImpl.java:45)
	at java.lang.reflect.Constructor.newInstance(Constructor.java:423)
	at org.openqa.selenium.remote.codec.w3c.W3CHttpResponseCodec.createException(W3CHttpResponseCodec.java:200)
	at org.openqa.selenium.remote.codec.w3c.W3CHttpResponseCodec.decode(W3CHttpResponseCodec.java:133)
	at org.openqa.selenium.remote.codec.w3c.W3CHttpResponseCodec.decode(W3CHttpResponseCodec.java:53)
	at org.openqa.selenium.remote.HttpCommandExecutor.execute(HttpCommandExecutor.java:184)
	at org.openqa.selenium.remote.service.DriverCommandExecutor.invokeExecute(DriverCommandExecutor.java:164)
	at org.openqa.selenium.remote.service.DriverCommandExecutor.execute(DriverCommandExecutor.java:139)
	at org.openqa.selenium.remote.RemoteWebDriver.execute(RemoteWebDriver.java:559)
	at org.openqa.selenium.remote.ElementLocation$ElementFinder$2.findElement(ElementLocation.java:162)
	at org.openqa.selenium.remote.ElementLocation.findElement(ElementLocation.java:60)
	at org.openqa.selenium.remote.RemoteWebDriver.findElement(RemoteWebDriver.java:383)
	at org.openqa.selenium.remote.RemoteWebDriver.findElement(RemoteWebDriver.java:375)
	at utils.utilityClass.getfield(utilityClass.java:260)
	at pageActions.verticalMenuAction.navigatetoLeftMenu(verticalMenuAction.java:30)
	at testsuite.screenTitle_test.screenAgentTitle(screenTitle_test.java:86)
	at sun.reflect.NativeMethodAccessorImpl.invoke0(Native Method)
	at sun.reflect.NativeMethodAccessorImpl.invoke(NativeMethodAccessorImpl.java:62)
	at sun.reflect.DelegatingMethodAccessorImpl.invoke(DelegatingMethodAccessorImpl.java:43)
	at java.lang.reflect.Method.invoke(Method.java:498)
	at org.testng.internal.MethodInvocationHelper.invokeMethod(MethodInvocationHelper.java:133)
	at org.testng.internal.TestInvoker.invokeMethod(TestInvoker.java:598)
	at org.testng.internal.TestInvoker.invokeTestMethod(TestInvoker.java:173)
	at org.testng.internal.MethodRunner.runInSequence(MethodRunner.java:46)
	at org.testng.internal.TestInvoker$MethodInvocationAgent.invoke(TestInvoker.java:824)
	at org.testng.internal.TestInvoker.invokeTestMethods(TestInvoker.java:146)
	at org.testng.internal.TestMethodWorker.invokeTestMethods(TestMethodWorker.java:146)
	at org.testng.internal.TestMethodWorker.run(TestMethodWorker.java:128)
	at java.util.ArrayList.forEach(ArrayList.java:1259)
	at org.testng.TestRunner.privateRun(TestRunner.java:794)
	at org.testng.TestRunner.run(TestRunner.java:596)
	at org.testng.SuiteRunner.runTest(SuiteRunner.java:377)
	at org.testng.SuiteRunner.runSequentially(SuiteRunner.java:371)
	at org.testng.SuiteRunner.privateRun(SuiteRunner.java:332)
	at org.testng.SuiteRunner.run(SuiteRunner.java:276)
	at org.testng.SuiteRunnerWorker.runSuite(SuiteRunnerWorker.java:53)
	at org.testng.SuiteRunnerWorker.run(SuiteRunnerWorker.java:96)
	at org.testng.TestNG.runSuitesSequentially(TestNG.java:1212)
	at org.testng.TestNG.runSuitesLocally(TestNG.java:1134)
	at org.testng.TestNG.runSuites(TestNG.java:1063)
	at org.testng.TestNG.run(TestNG.java:1031)
	at org.testng.remote.AbstractRemoteTestNG.run(AbstractRemoteTestNG.java:115)
	at org.testng.remote.RemoteTestNG.initAndRun(RemoteTestNG.java:251)
	at org.testng.remote.RemoteTestNG.main(RemoteTestNG.java:77)
</pre></div></td>
<td>20</td>
<td>testsuite.screenTitle_test@646007f4</td></tr>
</table><p>
<table width='100%' border='1' class='invocation-passed'>
<tr><td colspan='4' align='center'><b>PASSED TESTS</b></td></tr>
<tr><td><b>Test method</b></td>
<td width="30%"><b>Exception</b></td>
<td width="10%"><b>Time (seconds)</b></td>
<td><b>Instance</b></td>
</tr>
<tr>
<td title='testsuite.loginValidation_test.emptyLoginUsername()'><b>emptyLoginUsername</b><br>Test class: testsuite.loginValidation_test</td>
<td></td>
<td>0</td>
<td>testsuite.loginValidation_test@149494d8</td></tr>
<tr>
<td title='testsuite.baseTest.Verify_image_on_the_right_side_of_the_login_page_27225()'><b>Verify_image_on_the_right_side_of_the_login_page_27225</b><br>Test class: testsuite.baseTest</td>
<td></td>
<td>0</td>
<td>testsuite.baseTest@706a04ae</td></tr>
<tr>
<td title='testsuite.screenTitle_test.screenAgentTitle()'><b>screenAgentTitle</b><br>Test class: testsuite.screenTitle_test<br>Parameters: Reports, Claims History</td>
<td></td>
<td>14</td>
<td>testsuite.screenTitle_test@646007f4</td></tr>
<tr>
<td title='testsuite.screenTitle_test.screenTitle()'><b>screenTitle</b><br>Test class: testsuite.screenTitle_test<br>Parameters: Reports, Actuarials</td>
<td></td>
<td>14</td>
<td>testsuite.screenTitle_test@646007f4</td></tr>
<tr>
<td title='testsuite.baseTest.VerifyGAPPortallinkfunctionality_27233_27259_27229()'><b>VerifyGAPPortallinkfunctionality_27233_27259_27229</b><br>Test class: testsuite.baseTest</td>
<td></td>
<td>0</td>
<td>testsuite.baseTest@706a04ae</td></tr>
<tr>
<td title='testsuite.screenTitle_test.screenAgentTitle()'><b>screenAgentTitle</b><br>Test class: testsuite.screenTitle_test<br>Parameters: E-Rate, Rate/Contract</td>
<td></td>
<td>14</td>
<td>testsuite.screenTitle_test@646007f4</td></tr>
<tr>
<td title='testsuite.baseTest.VerifyLocationPrivacyPolicyLink_27224_27239_27254()'><b>VerifyLocationPrivacyPolicyLink_27224_27239_27254</b><br>Test class: testsuite.baseTest</td>
<td></td>
<td>0</td>
<td>testsuite.baseTest@706a04ae</td></tr>
<tr>
<td title='testsuite.baseTest.VerifyRememberMyPasswordLocation_27214()'><b>VerifyRememberMyPasswordLocation_27214</b><br>Test class: testsuite.baseTest</td>
<td></td>
<td>0</td>
<td>testsuite.baseTest@706a04ae</td></tr>
<tr>
<td title='testsuite.login1_test.loggedIn()'><b>loggedIn</b><br>Test class: testsuite.login1_test<br>Parameters: coforgeadmin, TAdmin54!</td>
<td></td>
<td>9</td>
<td>testsuite.login1_test@710726a3</td></tr>
<tr>
<td title='testsuite.screenTitle_test.screenTitle()'><b>screenTitle</b><br>Test class: testsuite.screenTitle_test<br>Parameters: Contracts, SPP</td>
<td></td>
<td>14</td>
<td>testsuite.screenTitle_test@646007f4</td></tr>
<tr>
<td title='testsuite.screenTitle_test.screenAgentTitle()'><b>screenAgentTitle</b><br>Test class: testsuite.screenTitle_test<br>Parameters: E-Rate, Quote History</td>
<td></td>
<td>14</td>
<td>testsuite.screenTitle_test@646007f4</td></tr>
<tr>
<td title='testsuite.screenTitle_test.screenTitle()'><b>screenTitle</b><br>Test class: testsuite.screenTitle_test<br>Parameters: E-Rate, Rate/Contract</td>
<td></td>
<td>14</td>
<td>testsuite.screenTitle_test@646007f4</td></tr>
<tr>
<td title='testsuite.screenTitle_test.screenTitle()'><b>screenTitle</b><br>Test class: testsuite.screenTitle_test<br>Parameters: Contracts, Contract Search</td>
<td></td>
<td>14</td>
<td>testsuite.screenTitle_test@646007f4</td></tr>
<tr>
<td title='testsuite.baseTest.VerifyeClaimsPortalforRepairFacilitieslink_27228_27231_27261()'><b>VerifyeClaimsPortalforRepairFacilitieslink_27228_27231_27261</b><br>Test class: testsuite.baseTest</td>
<td></td>
<td>0</td>
<td>testsuite.baseTest@706a04ae</td></tr>
<tr>
<td title='testsuite.loginValidation_test.incorrectusernameCredential()'><b>incorrectusernameCredential</b><br>Test class: testsuite.loginValidation_test</td>
<td></td>
<td>0</td>
<td>testsuite.loginValidation_test@149494d8</td></tr>
<tr>
<td title='testsuite.login1_test.welcomePage()'><b>welcomePage</b><br>Test class: testsuite.login1_test</td>
<td></td>
<td>0</td>
<td>testsuite.login1_test@710726a3</td></tr>
<tr>
<td title='testsuite.screenTitle_test.screenAgentTitle()'><b>screenAgentTitle</b><br>Test class: testsuite.screenTitle_test<br>Parameters: Reports, Agent Sales Report</td>
<td></td>
<td>13</td>
<td>testsuite.screenTitle_test@646007f4</td></tr>
<tr>
<td title='testsuite.screenTitle_test.screenAgentTitle()'><b>screenAgentTitle</b><br>Test class: testsuite.screenTitle_test<br>Parameters: Reports, My Account Statements</td>
<td></td>
<td>14</td>
<td>testsuite.screenTitle_test@646007f4</td></tr>
<tr>
<td title='testsuite.screenTitle_test.screenTitle()'><b>screenTitle</b><br>Test class: testsuite.screenTitle_test<br>Parameters: Cancellations, Cancellation History</td>
<td></td>
<td>14</td>
<td>testsuite.screenTitle_test@646007f4</td></tr>
<tr>
<td title='testsuite.baseTest.VerifyForgotPassword_Loginastext_27238_27254_27220_27255_27237_27166()'><b>VerifyForgotPassword_Loginastext_27238_27254_27220_27255_27237_27166</b><br>Test class: testsuite.baseTest</td>
<td></td>
<td>0</td>
<td>testsuite.baseTest@706a04ae</td></tr>
<tr>
<td title='testsuite.screenTitle_test.screenAgentTitle()'><b>screenAgentTitle</b><br>Test class: testsuite.screenTitle_test<br>Parameters: Reports, Early Claims</td>
<td></td>
<td>14</td>
<td>testsuite.screenTitle_test@646007f4</td></tr>
<tr>
<td title='testsuite.login1_test.loggedIn()'><b>loggedIn</b><br>Test class: testsuite.login1_test<br>Parameters: Agent110, Since1996</td>
<td></td>
<td>10</td>
<td>testsuite.login1_test@710726a3</td></tr>
<tr>
<td title='testsuite.loginValidation_test.emptyLogin()'><b>emptyLogin</b><br>Test class: testsuite.loginValidation_test</td>
<td></td>
<td>0</td>
<td>testsuite.loginValidation_test@149494d8</td></tr>
<tr>
<td title='testsuite.screenTitle_test.screenAgentTitle()'><b>screenAgentTitle</b><br>Test class: testsuite.screenTitle_test<br>Parameters: Reports, Actuarials</td>
<td></td>
<td>14</td>
<td>testsuite.screenTitle_test@646007f4</td></tr>
<tr>
<td title='testsuite.screenTitle_test.screenTitle()'><b>screenTitle</b><br>Test class: testsuite.screenTitle_test<br>Parameters: E-Rate, Quote History</td>
<td></td>
<td>14</td>
<td>testsuite.screenTitle_test@646007f4</td></tr>
<tr>
<td title='testsuite.screenTitle_test.screenTitle()'><b>screenTitle</b><br>Test class: testsuite.screenTitle_test<br>Parameters: Reports, Early Claims</td>
<td></td>
<td>14</td>
<td>testsuite.screenTitle_test@646007f4</td></tr>
<tr>
<td title='testsuite.screenTitle_test.screenAgentTitle()'><b>screenAgentTitle</b><br>Test class: testsuite.screenTitle_test<br>Parameters: Contracts, Contract Search</td>
<td></td>
<td>14</td>
<td>testsuite.screenTitle_test@646007f4</td></tr>
<tr>
<td title='testsuite.screenTitle_test.screenTitle()'><b>screenTitle</b><br>Test class: testsuite.screenTitle_test<br>Parameters: Reports, My Account Statements</td>
<td></td>
<td>14</td>
<td>testsuite.screenTitle_test@646007f4</td></tr>
<tr>
<td title='testsuite.loginValidation_test.incorrectCredential()'><b>incorrectCredential</b><br>Test class: testsuite.loginValidation_test</td>
<td></td>
<td>0</td>
<td>testsuite.loginValidation_test@149494d8</td></tr>
<tr>
<td title='testsuite.screenTitle_test.screenTitle()'><b>screenTitle</b><br>Test class: testsuite.screenTitle_test<br>Parameters: Reports, Cancellations</td>
<td></td>
<td>14</td>
<td>testsuite.screenTitle_test@646007f4</td></tr>
<tr>
<td title='testsuite.screenTitle_test.screenTitle()'><b>screenTitle</b><br>Test class: testsuite.screenTitle_test<br>Parameters: Reports, Claims History</td>
<td></td>
<td>14</td>
<td>testsuite.screenTitle_test@646007f4</td></tr>
<tr>
<td title='testsuite.screenTitle_test.screenAgentTitle()'><b>screenAgentTitle</b><br>Test class: testsuite.screenTitle_test<br>Parameters: Reports, Cancellations</td>
<td></td>
<td>14</td>
<td>testsuite.screenTitle_test@646007f4</td></tr>
<tr>
<td title='testsuite.screenTitle_test.screenTitle()'><b>screenTitle</b><br>Test class: testsuite.screenTitle_test<br>Parameters: Cancellations, Cancellation Quote</td>
<td></td>
<td>14</td>
<td>testsuite.screenTitle_test@646007f4</td></tr>
<tr>
<td title='testsuite.loginValidation_test.emptyLoginPassword()'><b>emptyLoginPassword</b><br>Test class: testsuite.loginValidation_test</td>
<td></td>
<td>0</td>
<td>testsuite.loginValidation_test@149494d8</td></tr>
<tr>
<td title='testsuite.loginValidation_test.incorrectpasswordCredential()'><b>incorrectpasswordCredential</b><br>Test class: testsuite.loginValidation_test</td>
<td></td>
<td>0</td>
<td>testsuite.loginValidation_test@149494d8</td></tr>
<tr>
<td title='testsuite.login1_test.loggedIn()'><b>loggedIn</b><br>Test class: testsuite.login1_test<br>Parameters: Dealer7032823, 4558600</td>
<td></td>
<td>11</td>
<td>testsuite.login1_test@710726a3</td></tr>
<tr>
<td title='testsuite.baseTest.VerifyWelcomeTextOnTheADLUILoginPage_27248_27244_27110()'><b>VerifyWelcomeTextOnTheADLUILoginPage_27248_27244_27110</b><br>Test class: testsuite.baseTest</td>
<td></td>
<td>0</td>
<td>testsuite.baseTest@706a04ae</td></tr>
</table><p>
<table width='100%' border='1' class='invocation-skipped'>
<tr><td colspan='4' align='center'><b>SKIPPED TESTS</b></td></tr>
<tr><td><b>Test method</b></td>
<td width="30%"><b>Exception</b></td>
<td width="10%"><b>Time (seconds)</b></td>
<td><b>Instance</b></td>
</tr>
<tr>
<td title='testsuite.quote_test.createQuote1()'><b>createQuote1</b><br>Test class: testsuite.quote_test</td>
<td><div><pre>java.lang.RuntimeException: java.lang.Error: Unresolved compilation problems: 
	She cannot be resolved to a type
	Syntax error, insert &quot;;&quot; to complete LocalVariableDeclarationStatement
	of cannot be resolved to a type
	Syntax error on token &quot;int&quot;, ; expected
	et cannot be resolved to a type
	totalNoOfRows cannot be resolved to a variable
	totalNoOfRows cannot be resolved to a variable

	at java.util.ArrayList.forEach(ArrayList.java:1259)
Caused by: java.lang.Error: Unresolved compilation problems: 
	She cannot be resolved to a type
	Syntax error, insert &quot;;&quot; to complete LocalVariableDeclarationStatement
	of cannot be resolved to a type
	Syntax error on token &quot;int&quot;, ; expected
	et cannot be resolved to a type
	totalNoOfRows cannot be resolved to a variable
	totalNoOfRows cannot be resolved to a variable

	at utils.baseClass.getExcelData(baseClass.java:155)
	... 25 more
... Removed 32 stack frames</pre></div><a href='#' onClick='toggleBox("stack-trace1862077038", this, "Click to show all stack frames", "Click to hide stack frames")'>Click to show all stack frames</a>
<div class='stack-trace' id='stack-trace1862077038'><pre>java.lang.RuntimeException: java.lang.Error: Unresolved compilation problems: 
	She cannot be resolved to a type
	Syntax error, insert &quot;;&quot; to complete LocalVariableDeclarationStatement
	of cannot be resolved to a type
	Syntax error on token &quot;int&quot;, ; expected
	et cannot be resolved to a type
	totalNoOfRows cannot be resolved to a variable
	totalNoOfRows cannot be resolved to a variable

	at org.testng.internal.MethodInvocationHelper.invokeMethodNoCheckedException(MethodInvocationHelper.java:50)
	at org.testng.internal.MethodInvocationHelper.invokeDataProvider(MethodInvocationHelper.java:146)
	at org.testng.internal.Parameters.handleParameters(Parameters.java:798)
	at org.testng.internal.Parameters.handleParameters(Parameters.java:740)
	at org.testng.internal.ParameterHandler.handleParameters(ParameterHandler.java:59)
	at org.testng.internal.ParameterHandler.createParameters(ParameterHandler.java:38)
	at org.testng.internal.TestInvoker$MethodInvocationAgent.invoke(TestInvoker.java:791)
	at org.testng.internal.TestInvoker.invokeTestMethods(TestInvoker.java:146)
	at org.testng.internal.TestMethodWorker.invokeTestMethods(TestMethodWorker.java:146)
	at org.testng.internal.TestMethodWorker.run(TestMethodWorker.java:128)
	at java.util.ArrayList.forEach(ArrayList.java:1259)
	at org.testng.TestRunner.privateRun(TestRunner.java:794)
	at org.testng.TestRunner.run(TestRunner.java:596)
	at org.testng.SuiteRunner.runTest(SuiteRunner.java:377)
	at org.testng.SuiteRunner.runSequentially(SuiteRunner.java:371)
	at org.testng.SuiteRunner.privateRun(SuiteRunner.java:332)
	at org.testng.SuiteRunner.run(SuiteRunner.java:276)
	at org.testng.SuiteRunnerWorker.runSuite(SuiteRunnerWorker.java:53)
	at org.testng.SuiteRunnerWorker.run(SuiteRunnerWorker.java:96)
	at org.testng.TestNG.runSuitesSequentially(TestNG.java:1212)
	at org.testng.TestNG.runSuitesLocally(TestNG.java:1134)
	at org.testng.TestNG.runSuites(TestNG.java:1063)
	at org.testng.TestNG.run(TestNG.java:1031)
	at org.testng.remote.AbstractRemoteTestNG.run(AbstractRemoteTestNG.java:115)
	at org.testng.remote.RemoteTestNG.initAndRun(RemoteTestNG.java:251)
	at org.testng.remote.RemoteTestNG.main(RemoteTestNG.java:77)
Caused by: java.lang.Error: Unresolved compilation problems: 
	She cannot be resolved to a type
	Syntax error, insert &quot;;&quot; to complete LocalVariableDeclarationStatement
	of cannot be resolved to a type
	Syntax error on token &quot;int&quot;, ; expected
	et cannot be resolved to a type
	totalNoOfRows cannot be resolved to a variable
	totalNoOfRows cannot be resolved to a variable

	at utils.baseClass.getExcelData(baseClass.java:155)
	at sun.reflect.NativeMethodAccessorImpl.invoke0(Native Method)
	at sun.reflect.NativeMethodAccessorImpl.invoke(NativeMethodAccessorImpl.java:62)
	at sun.reflect.DelegatingMethodAccessorImpl.invoke(DelegatingMethodAccessorImpl.java:43)
	at java.lang.reflect.Method.invoke(Method.java:498)
	at org.testng.internal.MethodInvocationHelper.invokeMethod(MethodInvocationHelper.java:133)
	at org.testng.internal.MethodInvocationHelper.invokeMethod(MethodInvocationHelper.java:77)
	at org.testng.internal.MethodInvocationHelper.invokeMethodNoCheckedException(MethodInvocationHelper.java:46)
	... 25 more
</pre></div></td>
<td>0</td>
<td>testsuite.quote_test@78186a70</td></tr>
<tr>
<td title='testsuite.contract_test.createContract1()'><b>createContract1</b><br>Test class: testsuite.contract_test</td>
<td><div><pre>java.lang.RuntimeException: java.lang.Error: Unresolved compilation problems: 
	She cannot be resolved to a type
	Syntax error, insert &quot;;&quot; to complete LocalVariableDeclarationStatement
	of cannot be resolved to a type
	Syntax error on token &quot;int&quot;, ; expected
	et cannot be resolved to a type
	totalNoOfRows cannot be resolved to a variable
	totalNoOfRows cannot be resolved to a variable

	at java.util.ArrayList.forEach(ArrayList.java:1259)
Caused by: java.lang.Error: Unresolved compilation problems: 
	She cannot be resolved to a type
	Syntax error, insert &quot;;&quot; to complete LocalVariableDeclarationStatement
	of cannot be resolved to a type
	Syntax error on token &quot;int&quot;, ; expected
	et cannot be resolved to a type
	totalNoOfRows cannot be resolved to a variable
	totalNoOfRows cannot be resolved to a variable

	at utils.baseClass.getExcelData(baseClass.java:155)
	... 25 more
... Removed 32 stack frames</pre></div><a href='#' onClick='toggleBox("stack-trace1798217138", this, "Click to show all stack frames", "Click to hide stack frames")'>Click to show all stack frames</a>
<div class='stack-trace' id='stack-trace1798217138'><pre>java.lang.RuntimeException: java.lang.Error: Unresolved compilation problems: 
	She cannot be resolved to a type
	Syntax error, insert &quot;;&quot; to complete LocalVariableDeclarationStatement
	of cannot be resolved to a type
	Syntax error on token &quot;int&quot;, ; expected
	et cannot be resolved to a type
	totalNoOfRows cannot be resolved to a variable
	totalNoOfRows cannot be resolved to a variable

	at org.testng.internal.MethodInvocationHelper.invokeMethodNoCheckedException(MethodInvocationHelper.java:50)
	at org.testng.internal.MethodInvocationHelper.invokeDataProvider(MethodInvocationHelper.java:146)
	at org.testng.internal.Parameters.handleParameters(Parameters.java:798)
	at org.testng.internal.Parameters.handleParameters(Parameters.java:740)
	at org.testng.internal.ParameterHandler.handleParameters(ParameterHandler.java:59)
	at org.testng.internal.ParameterHandler.createParameters(ParameterHandler.java:38)
	at org.testng.internal.TestInvoker$MethodInvocationAgent.invoke(TestInvoker.java:791)
	at org.testng.internal.TestInvoker.invokeTestMethods(TestInvoker.java:146)
	at org.testng.internal.TestMethodWorker.invokeTestMethods(TestMethodWorker.java:146)
	at org.testng.internal.TestMethodWorker.run(TestMethodWorker.java:128)
	at java.util.ArrayList.forEach(ArrayList.java:1259)
	at org.testng.TestRunner.privateRun(TestRunner.java:794)
	at org.testng.TestRunner.run(TestRunner.java:596)
	at org.testng.SuiteRunner.runTest(SuiteRunner.java:377)
	at org.testng.SuiteRunner.runSequentially(SuiteRunner.java:371)
	at org.testng.SuiteRunner.privateRun(SuiteRunner.java:332)
	at org.testng.SuiteRunner.run(SuiteRunner.java:276)
	at org.testng.SuiteRunnerWorker.runSuite(SuiteRunnerWorker.java:53)
	at org.testng.SuiteRunnerWorker.run(SuiteRunnerWorker.java:96)
	at org.testng.TestNG.runSuitesSequentially(TestNG.java:1212)
	at org.testng.TestNG.runSuitesLocally(TestNG.java:1134)
	at org.testng.TestNG.runSuites(TestNG.java:1063)
	at org.testng.TestNG.run(TestNG.java:1031)
	at org.testng.remote.AbstractRemoteTestNG.run(AbstractRemoteTestNG.java:115)
	at org.testng.remote.RemoteTestNG.initAndRun(RemoteTestNG.java:251)
	at org.testng.remote.RemoteTestNG.main(RemoteTestNG.java:77)
Caused by: java.lang.Error: Unresolved compilation problems: 
	She cannot be resolved to a type
	Syntax error, insert &quot;;&quot; to complete LocalVariableDeclarationStatement
	of cannot be resolved to a type
	Syntax error on token &quot;int&quot;, ; expected
	et cannot be resolved to a type
	totalNoOfRows cannot be resolved to a variable
	totalNoOfRows cannot be resolved to a variable

	at utils.baseClass.getExcelData(baseClass.java:155)
	at sun.reflect.NativeMethodAccessorImpl.invoke0(Native Method)
	at sun.reflect.NativeMethodAccessorImpl.invoke(NativeMethodAccessorImpl.java:62)
	at sun.reflect.DelegatingMethodAccessorImpl.invoke(DelegatingMethodAccessorImpl.java:43)
	at java.lang.reflect.Method.invoke(Method.java:498)
	at org.testng.internal.MethodInvocationHelper.invokeMethod(MethodInvocationHelper.java:133)
	at org.testng.internal.MethodInvocationHelper.invokeMethod(MethodInvocationHelper.java:77)
	at org.testng.internal.MethodInvocationHelper.invokeMethodNoCheckedException(MethodInvocationHelper.java:46)
	... 25 more
</pre></div></td>
<td>0</td>
<td>testsuite.contract_test@481a15ff</td></tr>
</table><p>
</body>
</html>