<!DOCTYPE html PUBLIC "-//W3C//DTD XHTML 1.1//EN" "https://www.w3.org/TR/xhtml11/DTD/xhtml11.dtd">
<html xmlns="https://www.w3.org/1999/xhtml">
<head>
<meta http-equiv="content-type" content="text/html; charset=UTF-8"/>
<title>TestNG Report</title>
<style type="text/css">table {margin-bottom:10px;border-collapse:collapse;empty-cells:show}th,td {border:1px solid #009;padding:.25em .5em}th {vertical-align:bottom}td {vertical-align:top}table a {font-weight:bold}.stripe td {background-color: #E6EBF9}.num {text-align:right}.passedodd td {background-color: #3F3}.passedeven td {background-color: #0A0}.skippedodd td {background-color: #DDD}.skippedeven td {background-color: #CCC}.failedodd td,.attn {background-color: #F33}.failedeven td,.stripe .attn {background-color: #D00}.stacktrace {white-space:pre;font-family:monospace}.totop {font-size:85%;text-align:center;border-bottom:2px solid #000}.invisible {display:none}</style>
</head>
<body>
<table>
<tr><th>Test</th><th># Passed</th><th># Skipped</th><th># Retried</th><th># Failed</th><th>Time (ms)</th><th>Included Groups</th><th>Excluded Groups</th></tr>
<tr><th colspan="8">Regression</th></tr>
<tr><td><a href="#t0">ADL</a></td><td class="num">39</td><td class="num attn">2</td><td class="num">0</td><td class="num attn">3</td><td class="num">462,296</td><td></td><td></td></tr>
</table>
<table id='summary'><thead><tr><th>Class</th><th>Method</th><th>Start</th><th>Time (ms)</th></tr></thead><tbody><tr><th colspan="4">Regression</th></tr></tbody><tbody id="t0"><tr><th colspan="4">ADL &#8212; failed (configuration methods)</th></tr><tr class="failedeven"><td rowspan="1">testsuite.erate_test</td><td><a href="#m0">login</a></td><td rowspan="1">1651859289763</td><td rowspan="1">15496</td></tr><tr class="failedodd"><td rowspan="1">testsuite.quote_test</td><td><a href="#m1">login</a></td><td rowspan="1">1651859374529</td><td rowspan="1">15465</td></tr><tr><th colspan="4">ADL &#8212; failed</th></tr><tr class="failedeven"><td rowspan="1">testsuite.quote_test</td><td><a href="#m2">createQuote1</a></td><td rowspan="1">1651859374484</td><td rowspan="1">37</td></tr><tr class="failedodd"><td rowspan="2">testsuite.screenTitle_test</td><td><a href="#m3">screenAgentTitle</a></td><td rowspan="2">1651859274750</td><td rowspan="2">15008</td></tr><tr class="failedodd"><td><a href="#m4">screenAgentTitle</a></td></tr><tr><th colspan="4">ADL &#8212; skipped (configuration methods)</th></tr><tr class="skippedeven"><td rowspan="1">testsuite.erate_test</td><td><a href="#m5">close</a></td><td rowspan="1">1651859305268</td><td rowspan="1">-1651859305268</td></tr><tr class="skippedodd"><td rowspan="1">testsuite.quote_test</td><td><a href="#m6">close</a></td><td rowspan="1">1651859390002</td><td rowspan="1">-1651859390002</td></tr><tr><th colspan="4">ADL &#8212; skipped</th></tr><tr class="skippedeven"><td rowspan="1">testsuite.erate_test</td><td><a href="#m7">quickcode</a></td><td rowspan="1">1651859305262</td><td rowspan="1">0</td></tr><tr class="skippedodd"><td rowspan="1">testsuite.quote_test</td><td><a href="#m8">createQuote1</a></td><td rowspan="1">1651859389995</td><td rowspan="1">0</td></tr><tr><th colspan="4">ADL &#8212; passed</th></tr><tr class="passedeven"><td rowspan="7">testsuite.baseTest</td><td><a href="#m9">VerifyForgotPassword_Loginastext_27238_27254_27220_27255_27237_27166</a></td><td rowspan="1">1651858932738</td><td rowspan="1">79</td></tr><tr class="passedeven"><td><a href="#m10">VerifyGAPPortallinkfunctionality_27233_27259_27229</a></td><td rowspan="1">1651858932633</td><td rowspan="1">103</td></tr><tr class="passedeven"><td><a href="#m11">VerifyLocationPrivacyPolicyLink_27224_27239_27254</a></td><td rowspan="1">1651858932451</td><td rowspan="1">84</td></tr><tr class="passedeven"><td><a href="#m12">VerifyRememberMyPasswordLocation_27214</a></td><td rowspan="1">1651858932187</td><td rowspan="1">262</td></tr><tr class="passedeven"><td><a href="#m13">VerifyWelcomeTextOnTheADLUILoginPage_27248_27244_27110</a></td><td rowspan="1">1651858932536</td><td rowspan="1">90</td></tr><tr class="passedeven"><td><a href="#m14">Verify_image_on_the_right_side_of_the_login_page_27225</a></td><td rowspan="1">1651858932821</td><td rowspan="1">35</td></tr><tr class="passedeven"><td><a href="#m15">VerifyeClaimsPortalforRepairFacilitieslink_27228_27231_27261</a></td><td rowspan="1">1651858931982</td><td rowspan="1">199</td></tr><tr class="passedodd"><td rowspan="2">testsuite.contract_test</td><td><a href="#m16">createContract1</a></td><td rowspan="2">1651859312004</td><td rowspan="2">24270</td></tr><tr class="passedodd"><td><a href="#m17">createContract1</a></td></tr><tr class="passedeven"><td rowspan="4">testsuite.login1_test</td><td><a href="#m18">loggedIn</a></td><td rowspan="3">1651858948974</td><td rowspan="3">10039</td></tr><tr class="passedeven"><td><a href="#m19">loggedIn</a></td></tr><tr class="passedeven"><td><a href="#m20">loggedIn</a></td></tr><tr class="passedeven"><td><a href="#m21">welcomePage</a></td><td rowspan="1">1651858937966</td><td rowspan="1">231</td></tr><tr class="passedodd"><td rowspan="6">testsuite.loginValidation_test</td><td><a href="#m22">emptyLogin</a></td><td rowspan="1">1651858932858</td><td rowspan="1">662</td></tr><tr class="passedodd"><td><a href="#m23">emptyLoginPassword</a></td><td rowspan="1">1651858933523</td><td rowspan="1">612</td></tr><tr class="passedodd"><td><a href="#m24">emptyLoginUsername</a></td><td rowspan="1">1651858934139</td><td rowspan="1">506</td></tr><tr class="passedodd"><td><a href="#m25">incorrectCredential</a></td><td rowspan="1">1651858934646</td><td rowspan="1">653</td></tr><tr class="passedodd"><td><a href="#m26">incorrectpasswordCredential</a></td><td rowspan="1">1651858935300</td><td rowspan="1">1979</td></tr><tr class="passedodd"><td><a href="#m27">incorrectusernameCredential</a></td><td rowspan="1">1651858937280</td><td rowspan="1">685</td></tr><tr class="passedeven"><td rowspan="20">testsuite.screenTitle_test</td><td><a href="#m28">screenAgentTitle</a></td><td rowspan="9">1651859211811</td><td rowspan="9">14249</td></tr><tr class="passedeven"><td><a href="#m29">screenAgentTitle</a></td></tr><tr class="passedeven"><td><a href="#m30">screenAgentTitle</a></td></tr><tr class="passedeven"><td><a href="#m31">screenAgentTitle</a></td></tr><tr class="passedeven"><td><a href="#m32">screenAgentTitle</a></td></tr><tr class="passedeven"><td><a href="#m33">screenAgentTitle</a></td></tr><tr class="passedeven"><td><a href="#m34">screenAgentTitle</a></td></tr><tr class="passedeven"><td><a href="#m35">screenAgentTitle</a></td></tr><tr class="passedeven"><td><a href="#m36">screenAgentTitle</a></td></tr><tr class="passedeven"><td><a href="#m37">screenTitle</a></td><td rowspan="11">1651858969919</td><td rowspan="11">14401</td></tr><tr class="passedeven"><td><a href="#m38">screenTitle</a></td></tr><tr class="passedeven"><td><a href="#m39">screenTitle</a></td></tr><tr class="passedeven"><td><a href="#m40">screenTitle</a></td></tr><tr class="passedeven"><td><a href="#m41">screenTitle</a></td></tr><tr class="passedeven"><td><a href="#m42">screenTitle</a></td></tr><tr class="passedeven"><td><a href="#m43">screenTitle</a></td></tr><tr class="passedeven"><td><a href="#m44">screenTitle</a></td></tr><tr class="passedeven"><td><a href="#m45">screenTitle</a></td></tr><tr class="passedeven"><td><a href="#m46">screenTitle</a></td></tr><tr class="passedeven"><td><a href="#m47">screenTitle</a></td></tr></tbody>
</table>
<h2>ADL</h2><h3 id="m0">testsuite.erate_test#login</h3><table class="result"><tr><th>Exception</th></tr><tr><td><div class="stacktrace">org.openqa.selenium.NoSuchElementException: no such element: Unable to locate element: {&quot;method&quot;:&quot;css selector&quot;,&quot;selector&quot;:&quot;input[placeholder=&quot;Enter your username&quot;]&quot;}
  (Session info: chrome=97.0.4692.99)
For documentation on this error, please visit: https://selenium.dev/exceptions/#no_such_element
Build info: version: &apos;4.0.0&apos;, revision: &apos;3a21814679&apos;
System info: host: &apos;AUL-DEV-03&apos;, ip: &apos;10.0.5.63&apos;, os.name: &apos;Windows 10&apos;, os.arch: &apos;amd64&apos;, os.version: &apos;10.0&apos;, java.version: &apos;1.8.0_261&apos;
Driver info: org.openqa.selenium.chrome.ChromeDriver
Command: [0c321f8cd241ceeaf18196890b26d55b, findElement {using=css selector, value=input[placeholder=&quot;Enter your username&quot;]}]
Capabilities {acceptInsecureCerts: false, browserName: chrome, browserVersion: 97.0.4692.99, chrome: {chromedriverVersion: 96.0.4664.45 (76e4c1bb2ab46..., userDataDir: C:\Users\ANKIT~1.SRI\AppDat...}, goog:chromeOptions: {debuggerAddress: localhost:56864}, javascriptEnabled: true, networkConnectionEnabled: false, pageLoadStrategy: normal, platform: WINDOWS, platformName: WINDOWS, proxy: Proxy(), se:cdp: ws://localhost:56864/devtoo..., se:cdpVersion: 97.0.4692.99, setWindowRect: true, strictFileInteractability: false, timeouts: {implicit: 0, pageLoad: 300000, script: 30000}, unhandledPromptBehavior: dismiss and notify, webauthn:extension:credBlob: true, webauthn:extension:largeBlob: true, webauthn:virtualAuthenticators: true}
Session ID: 0c321f8cd241ceeaf18196890b26d55b
	at org.openqa.selenium.remote.codec.w3c.W3CHttpResponseCodec.createException(W3CHttpResponseCodec.java:200)
	at org.openqa.selenium.remote.codec.w3c.W3CHttpResponseCodec.decode(W3CHttpResponseCodec.java:133)
	at org.openqa.selenium.remote.codec.w3c.W3CHttpResponseCodec.decode(W3CHttpResponseCodec.java:53)
	at org.openqa.selenium.remote.HttpCommandExecutor.execute(HttpCommandExecutor.java:184)
	at org.openqa.selenium.remote.service.DriverCommandExecutor.invokeExecute(DriverCommandExecutor.java:164)
	at org.openqa.selenium.remote.service.DriverCommandExecutor.execute(DriverCommandExecutor.java:139)
	at org.openqa.selenium.remote.RemoteWebDriver.execute(RemoteWebDriver.java:559)
	at org.openqa.selenium.remote.ElementLocation$ElementFinder$2.findElement(ElementLocation.java:162)
	at org.openqa.selenium.remote.ElementLocation.findElement(ElementLocation.java:60)
	at org.openqa.selenium.remote.RemoteWebDriver.findElement(RemoteWebDriver.java:383)
	at org.openqa.selenium.remote.RemoteWebDriver.findElement(RemoteWebDriver.java:375)
	at pageActions.loginAction.login(loginAction.java:23)
	at testsuite.erate_test.login(erate_test.java:30)
	at java.util.ArrayList.forEach(ArrayList.java:1259)
... Removed 29 stack frames</div></td></tr></table><p class="totop"><a href="#summary">back to summary</a></p>
<h3 id="m1">testsuite.quote_test#login</h3><table class="result"><tr><th>Exception</th></tr><tr><td><div class="stacktrace">org.openqa.selenium.NoSuchElementException: no such element: Unable to locate element: {&quot;method&quot;:&quot;css selector&quot;,&quot;selector&quot;:&quot;input[placeholder=&quot;Enter your username&quot;]&quot;}
  (Session info: chrome=97.0.4692.99)
For documentation on this error, please visit: https://selenium.dev/exceptions/#no_such_element
Build info: version: &apos;4.0.0&apos;, revision: &apos;3a21814679&apos;
System info: host: &apos;AUL-DEV-03&apos;, ip: &apos;10.0.5.63&apos;, os.name: &apos;Windows 10&apos;, os.arch: &apos;amd64&apos;, os.version: &apos;10.0&apos;, java.version: &apos;1.8.0_261&apos;
Driver info: org.openqa.selenium.chrome.ChromeDriver
Command: [0c321f8cd241ceeaf18196890b26d55b, findElement {using=css selector, value=input[placeholder=&quot;Enter your username&quot;]}]
Capabilities {acceptInsecureCerts: false, browserName: chrome, browserVersion: 97.0.4692.99, chrome: {chromedriverVersion: 96.0.4664.45 (76e4c1bb2ab46..., userDataDir: C:\Users\ANKIT~1.SRI\AppDat...}, goog:chromeOptions: {debuggerAddress: localhost:56864}, javascriptEnabled: true, networkConnectionEnabled: false, pageLoadStrategy: normal, platform: WINDOWS, platformName: WINDOWS, proxy: Proxy(), se:cdp: ws://localhost:56864/devtoo..., se:cdpVersion: 97.0.4692.99, setWindowRect: true, strictFileInteractability: false, timeouts: {implicit: 0, pageLoad: 300000, script: 30000}, unhandledPromptBehavior: dismiss and notify, webauthn:extension:credBlob: true, webauthn:extension:largeBlob: true, webauthn:virtualAuthenticators: true}
Session ID: 0c321f8cd241ceeaf18196890b26d55b
	at org.openqa.selenium.remote.codec.w3c.W3CHttpResponseCodec.createException(W3CHttpResponseCodec.java:200)
	at org.openqa.selenium.remote.codec.w3c.W3CHttpResponseCodec.decode(W3CHttpResponseCodec.java:133)
	at org.openqa.selenium.remote.codec.w3c.W3CHttpResponseCodec.decode(W3CHttpResponseCodec.java:53)
	at org.openqa.selenium.remote.HttpCommandExecutor.execute(HttpCommandExecutor.java:184)
	at org.openqa.selenium.remote.service.DriverCommandExecutor.invokeExecute(DriverCommandExecutor.java:164)
	at org.openqa.selenium.remote.service.DriverCommandExecutor.execute(DriverCommandExecutor.java:139)
	at org.openqa.selenium.remote.RemoteWebDriver.execute(RemoteWebDriver.java:559)
	at org.openqa.selenium.remote.ElementLocation$ElementFinder$2.findElement(ElementLocation.java:162)
	at org.openqa.selenium.remote.ElementLocation.findElement(ElementLocation.java:60)
	at org.openqa.selenium.remote.RemoteWebDriver.findElement(RemoteWebDriver.java:383)
	at org.openqa.selenium.remote.RemoteWebDriver.findElement(RemoteWebDriver.java:375)
	at pageActions.loginAction.login(loginAction.java:23)
	at testsuite.quote_test.login(quote_test.java:24)
	at java.util.ArrayList.forEach(ArrayList.java:1259)
... Removed 35 stack frames</div></td></tr></table><p class="totop"><a href="#summary">back to summary</a></p>
<h3 id="m2">testsuite.quote_test#createQuote1</h3><table class="result"><tr class="param"><th>Parameter #1</th></tr><tr class="param stripe"><td>[Automation, Test, JN8AS58TX9W905001, 123.0, Limited Warranty - RAW]</td></tr><tr><th>Exception</th></tr><tr><td><div class="stacktrace">org.openqa.selenium.InvalidSelectorException: invalid selector: An invalid or illegal selector was specified
  (Session info: chrome=97.0.4692.99)
For documentation on this error, please visit: https://selenium.dev/exceptions/#invalid_selector_exception
Build info: version: &apos;4.0.0&apos;, revision: &apos;3a21814679&apos;
System info: host: &apos;AUL-DEV-03&apos;, ip: &apos;10.0.5.63&apos;, os.name: &apos;Windows 10&apos;, os.arch: &apos;amd64&apos;, os.version: &apos;10.0&apos;, java.version: &apos;1.8.0_261&apos;
Driver info: org.openqa.selenium.chrome.ChromeDriver
Command: [0c321f8cd241ceeaf18196890b26d55b, findElement {using=name, value=//span[contains(text(),&apos;Get Products&apos;)]}]
Capabilities {acceptInsecureCerts: false, browserName: chrome, browserVersion: 97.0.4692.99, chrome: {chromedriverVersion: 96.0.4664.45 (76e4c1bb2ab46..., userDataDir: C:\Users\ANKIT~1.SRI\AppDat...}, goog:chromeOptions: {debuggerAddress: localhost:56864}, javascriptEnabled: true, networkConnectionEnabled: false, pageLoadStrategy: normal, platform: WINDOWS, platformName: WINDOWS, proxy: Proxy(), se:cdp: ws://localhost:56864/devtoo..., se:cdpVersion: 97.0.4692.99, setWindowRect: true, strictFileInteractability: false, timeouts: {implicit: 0, pageLoad: 300000, script: 30000}, unhandledPromptBehavior: dismiss and notify, webauthn:extension:credBlob: true, webauthn:extension:largeBlob: true, webauthn:virtualAuthenticators: true}
Session ID: 0c321f8cd241ceeaf18196890b26d55b
	at org.openqa.selenium.remote.codec.w3c.W3CHttpResponseCodec.createException(W3CHttpResponseCodec.java:200)
	at org.openqa.selenium.remote.codec.w3c.W3CHttpResponseCodec.decode(W3CHttpResponseCodec.java:133)
	at org.openqa.selenium.remote.codec.w3c.W3CHttpResponseCodec.decode(W3CHttpResponseCodec.java:53)
	at org.openqa.selenium.remote.HttpCommandExecutor.execute(HttpCommandExecutor.java:184)
	at org.openqa.selenium.remote.service.DriverCommandExecutor.invokeExecute(DriverCommandExecutor.java:164)
	at org.openqa.selenium.remote.service.DriverCommandExecutor.execute(DriverCommandExecutor.java:139)
	at org.openqa.selenium.remote.RemoteWebDriver.execute(RemoteWebDriver.java:559)
	at org.openqa.selenium.remote.ElementLocation$ElementFinder$2.findElement(ElementLocation.java:162)
	at org.openqa.selenium.remote.ElementLocation.findElement(ElementLocation.java:66)
	at org.openqa.selenium.remote.RemoteWebDriver.findElement(RemoteWebDriver.java:383)
	at org.openqa.selenium.remote.RemoteWebDriver.findElement(RemoteWebDriver.java:375)
	at utils.utilityClass.element(utilityClass.java:245)
	at pageActions.createQuoteAction.createQuote(createQuoteAction.java:27)
	at testsuite.quote_test.createQuote1(quote_test.java:33)
	at java.util.ArrayList.forEach(ArrayList.java:1259)
... Removed 31 stack frames</div></td></tr></table><p class="totop"><a href="#summary">back to summary</a></p>
<h3 id="m3">testsuite.screenTitle_test#screenAgentTitle</h3><table class="result"><tr class="param"><th>Parameter #1</th><th>Parameter #2</th></tr><tr class="param stripe"><td>Dealer Settings</td><td>Impersonate</td></tr><tr><th colspan="2">Exception</th></tr><tr><td colspan="2"><div class="stacktrace">org.openqa.selenium.NoSuchElementException: no such element: Unable to locate element: {&quot;method&quot;:&quot;css selector&quot;,&quot;selector&quot;:&quot;input[placeholder=&quot;Enter your username&quot;]&quot;}
  (Session info: chrome=97.0.4692.99)
For documentation on this error, please visit: https://selenium.dev/exceptions/#no_such_element
Build info: version: &apos;4.0.0&apos;, revision: &apos;3a21814679&apos;
System info: host: &apos;AUL-DEV-03&apos;, ip: &apos;10.0.5.63&apos;, os.name: &apos;Windows 10&apos;, os.arch: &apos;amd64&apos;, os.version: &apos;10.0&apos;, java.version: &apos;1.8.0_261&apos;
Driver info: org.openqa.selenium.chrome.ChromeDriver
Command: [0c321f8cd241ceeaf18196890b26d55b, findElement {using=css selector, value=input[placeholder=&quot;Enter your username&quot;]}]
Capabilities {acceptInsecureCerts: false, browserName: chrome, browserVersion: 97.0.4692.99, chrome: {chromedriverVersion: 96.0.4664.45 (76e4c1bb2ab46..., userDataDir: C:\Users\ANKIT~1.SRI\AppDat...}, goog:chromeOptions: {debuggerAddress: localhost:56864}, javascriptEnabled: true, networkConnectionEnabled: false, pageLoadStrategy: normal, platform: WINDOWS, platformName: WINDOWS, proxy: Proxy(), se:cdp: ws://localhost:56864/devtoo..., se:cdpVersion: 97.0.4692.99, setWindowRect: true, strictFileInteractability: false, timeouts: {implicit: 0, pageLoad: 300000, script: 30000}, unhandledPromptBehavior: dismiss and notify, webauthn:extension:credBlob: true, webauthn:extension:largeBlob: true, webauthn:virtualAuthenticators: true}
Session ID: 0c321f8cd241ceeaf18196890b26d55b
	at org.openqa.selenium.remote.codec.w3c.W3CHttpResponseCodec.createException(W3CHttpResponseCodec.java:200)
	at org.openqa.selenium.remote.codec.w3c.W3CHttpResponseCodec.decode(W3CHttpResponseCodec.java:133)
	at org.openqa.selenium.remote.codec.w3c.W3CHttpResponseCodec.decode(W3CHttpResponseCodec.java:53)
	at org.openqa.selenium.remote.HttpCommandExecutor.execute(HttpCommandExecutor.java:184)
	at org.openqa.selenium.remote.service.DriverCommandExecutor.invokeExecute(DriverCommandExecutor.java:164)
	at org.openqa.selenium.remote.service.DriverCommandExecutor.execute(DriverCommandExecutor.java:139)
	at org.openqa.selenium.remote.RemoteWebDriver.execute(RemoteWebDriver.java:559)
	at org.openqa.selenium.remote.ElementLocation$ElementFinder$2.findElement(ElementLocation.java:162)
	at org.openqa.selenium.remote.ElementLocation.findElement(ElementLocation.java:60)
	at org.openqa.selenium.remote.RemoteWebDriver.findElement(RemoteWebDriver.java:383)
	at org.openqa.selenium.remote.RemoteWebDriver.findElement(RemoteWebDriver.java:375)
	at pageActions.loginAction.login(loginAction.java:23)
	at testsuite.screenTitle_test.screenAgentTitle(screenTitle_test.java:85)
	at java.util.ArrayList.forEach(ArrayList.java:1259)
... Removed 31 stack frames</div></td></tr></table><p class="totop"><a href="#summary">back to summary</a></p>
<h3 id="m4">testsuite.screenTitle_test#screenAgentTitle</h3><table class="result"><tr class="param"><th>Parameter #1</th><th>Parameter #2</th></tr><tr class="param stripe"><td>Dealer Settings</td><td>Manage my Dealer Pricing</td></tr><tr><th colspan="2">Exception</th></tr><tr><td colspan="2"><div class="stacktrace">org.openqa.selenium.NoSuchElementException: no such element: Unable to locate element: {&quot;method&quot;:&quot;xpath&quot;,&quot;selector&quot;:&quot;//a[contains(text(),&apos;Manage my Dealer Pricing&apos;)]&quot;}
  (Session info: chrome=97.0.4692.99)
For documentation on this error, please visit: https://selenium.dev/exceptions/#no_such_element
Build info: version: &apos;4.0.0&apos;, revision: &apos;3a21814679&apos;
System info: host: &apos;AUL-DEV-03&apos;, ip: &apos;10.0.5.63&apos;, os.name: &apos;Windows 10&apos;, os.arch: &apos;amd64&apos;, os.version: &apos;10.0&apos;, java.version: &apos;1.8.0_261&apos;
Driver info: org.openqa.selenium.chrome.ChromeDriver
Command: [0c321f8cd241ceeaf18196890b26d55b, findElement {using=xpath, value=//a[contains(text(),&apos;Manage my Dealer Pricing&apos;)]}]
Capabilities {acceptInsecureCerts: false, browserName: chrome, browserVersion: 97.0.4692.99, chrome: {chromedriverVersion: 96.0.4664.45 (76e4c1bb2ab46..., userDataDir: C:\Users\ANKIT~1.SRI\AppDat...}, goog:chromeOptions: {debuggerAddress: localhost:56864}, javascriptEnabled: true, networkConnectionEnabled: false, pageLoadStrategy: normal, platform: WINDOWS, platformName: WINDOWS, proxy: Proxy(), se:cdp: ws://localhost:56864/devtoo..., se:cdpVersion: 97.0.4692.99, setWindowRect: true, strictFileInteractability: false, timeouts: {implicit: 0, pageLoad: 300000, script: 30000}, unhandledPromptBehavior: dismiss and notify, webauthn:extension:credBlob: true, webauthn:extension:largeBlob: true, webauthn:virtualAuthenticators: true}
Session ID: 0c321f8cd241ceeaf18196890b26d55b
	at org.openqa.selenium.remote.codec.w3c.W3CHttpResponseCodec.createException(W3CHttpResponseCodec.java:200)
	at org.openqa.selenium.remote.codec.w3c.W3CHttpResponseCodec.decode(W3CHttpResponseCodec.java:133)
	at org.openqa.selenium.remote.codec.w3c.W3CHttpResponseCodec.decode(W3CHttpResponseCodec.java:53)
	at org.openqa.selenium.remote.HttpCommandExecutor.execute(HttpCommandExecutor.java:184)
	at org.openqa.selenium.remote.service.DriverCommandExecutor.invokeExecute(DriverCommandExecutor.java:164)
	at org.openqa.selenium.remote.service.DriverCommandExecutor.execute(DriverCommandExecutor.java:139)
	at org.openqa.selenium.remote.RemoteWebDriver.execute(RemoteWebDriver.java:559)
	at org.openqa.selenium.remote.ElementLocation$ElementFinder$2.findElement(ElementLocation.java:162)
	at org.openqa.selenium.remote.ElementLocation.findElement(ElementLocation.java:60)
	at org.openqa.selenium.remote.RemoteWebDriver.findElement(RemoteWebDriver.java:383)
	at org.openqa.selenium.remote.RemoteWebDriver.findElement(RemoteWebDriver.java:375)
	at utils.utilityClass.getfield(utilityClass.java:260)
	at pageActions.verticalMenuAction.navigatetoLeftMenu(verticalMenuAction.java:30)
	at testsuite.screenTitle_test.screenAgentTitle(screenTitle_test.java:86)
	at java.util.ArrayList.forEach(ArrayList.java:1259)
... Removed 31 stack frames</div></td></tr></table><p class="totop"><a href="#summary">back to summary</a></p>
<h3 id="m5">testsuite.erate_test#close</h3><table class="result"><tr><th class="invisible"/></tr></table><p class="totop"><a href="#summary">back to summary</a></p>
<h3 id="m6">testsuite.quote_test#close</h3><table class="result"><tr><th class="invisible"/></tr></table><p class="totop"><a href="#summary">back to summary</a></p>
<h3 id="m7">testsuite.erate_test#quickcode</h3><table class="result"><tr><th>Exception</th></tr><tr><td><div class="stacktrace">org.openqa.selenium.NoSuchElementException: no such element: Unable to locate element: {&quot;method&quot;:&quot;css selector&quot;,&quot;selector&quot;:&quot;input[placeholder=&quot;Enter your username&quot;]&quot;}
  (Session info: chrome=97.0.4692.99)
For documentation on this error, please visit: https://selenium.dev/exceptions/#no_such_element
Build info: version: &apos;4.0.0&apos;, revision: &apos;3a21814679&apos;
System info: host: &apos;AUL-DEV-03&apos;, ip: &apos;10.0.5.63&apos;, os.name: &apos;Windows 10&apos;, os.arch: &apos;amd64&apos;, os.version: &apos;10.0&apos;, java.version: &apos;1.8.0_261&apos;
Driver info: org.openqa.selenium.chrome.ChromeDriver
Command: [0c321f8cd241ceeaf18196890b26d55b, findElement {using=css selector, value=input[placeholder=&quot;Enter your username&quot;]}]
Capabilities {acceptInsecureCerts: false, browserName: chrome, browserVersion: 97.0.4692.99, chrome: {chromedriverVersion: 96.0.4664.45 (76e4c1bb2ab46..., userDataDir: C:\Users\ANKIT~1.SRI\AppDat...}, goog:chromeOptions: {debuggerAddress: localhost:56864}, javascriptEnabled: true, networkConnectionEnabled: false, pageLoadStrategy: normal, platform: WINDOWS, platformName: WINDOWS, proxy: Proxy(), se:cdp: ws://localhost:56864/devtoo..., se:cdpVersion: 97.0.4692.99, setWindowRect: true, strictFileInteractability: false, timeouts: {implicit: 0, pageLoad: 300000, script: 30000}, unhandledPromptBehavior: dismiss and notify, webauthn:extension:credBlob: true, webauthn:extension:largeBlob: true, webauthn:virtualAuthenticators: true}
Session ID: 0c321f8cd241ceeaf18196890b26d55b
	at org.openqa.selenium.remote.codec.w3c.W3CHttpResponseCodec.createException(W3CHttpResponseCodec.java:200)
	at org.openqa.selenium.remote.codec.w3c.W3CHttpResponseCodec.decode(W3CHttpResponseCodec.java:133)
	at org.openqa.selenium.remote.codec.w3c.W3CHttpResponseCodec.decode(W3CHttpResponseCodec.java:53)
	at org.openqa.selenium.remote.HttpCommandExecutor.execute(HttpCommandExecutor.java:184)
	at org.openqa.selenium.remote.service.DriverCommandExecutor.invokeExecute(DriverCommandExecutor.java:164)
	at org.openqa.selenium.remote.service.DriverCommandExecutor.execute(DriverCommandExecutor.java:139)
	at org.openqa.selenium.remote.RemoteWebDriver.execute(RemoteWebDriver.java:559)
	at org.openqa.selenium.remote.ElementLocation$ElementFinder$2.findElement(ElementLocation.java:162)
	at org.openqa.selenium.remote.ElementLocation.findElement(ElementLocation.java:60)
	at org.openqa.selenium.remote.RemoteWebDriver.findElement(RemoteWebDriver.java:383)
	at org.openqa.selenium.remote.RemoteWebDriver.findElement(RemoteWebDriver.java:375)
	at pageActions.loginAction.login(loginAction.java:23)
	at testsuite.erate_test.login(erate_test.java:30)
	at java.util.ArrayList.forEach(ArrayList.java:1259)
... Removed 29 stack frames</div></td></tr></table><p class="totop"><a href="#summary">back to summary</a></p>
<h3 id="m8">testsuite.quote_test#createQuote1</h3><table class="result"><tr class="param"><th>Parameter #1</th></tr><tr class="param stripe"><td>[Automation, Test, 2T1BR18E5WC056406, 123.0, Limited Warranty - RAW]</td></tr><tr><th>Exception</th></tr><tr><td><div class="stacktrace">org.openqa.selenium.NoSuchElementException: no such element: Unable to locate element: {&quot;method&quot;:&quot;css selector&quot;,&quot;selector&quot;:&quot;input[placeholder=&quot;Enter your username&quot;]&quot;}
  (Session info: chrome=97.0.4692.99)
For documentation on this error, please visit: https://selenium.dev/exceptions/#no_such_element
Build info: version: &apos;4.0.0&apos;, revision: &apos;3a21814679&apos;
System info: host: &apos;AUL-DEV-03&apos;, ip: &apos;10.0.5.63&apos;, os.name: &apos;Windows 10&apos;, os.arch: &apos;amd64&apos;, os.version: &apos;10.0&apos;, java.version: &apos;1.8.0_261&apos;
Driver info: org.openqa.selenium.chrome.ChromeDriver
Command: [0c321f8cd241ceeaf18196890b26d55b, findElement {using=css selector, value=input[placeholder=&quot;Enter your username&quot;]}]
Capabilities {acceptInsecureCerts: false, browserName: chrome, browserVersion: 97.0.4692.99, chrome: {chromedriverVersion: 96.0.4664.45 (76e4c1bb2ab46..., userDataDir: C:\Users\ANKIT~1.SRI\AppDat...}, goog:chromeOptions: {debuggerAddress: localhost:56864}, javascriptEnabled: true, networkConnectionEnabled: false, pageLoadStrategy: normal, platform: WINDOWS, platformName: WINDOWS, proxy: Proxy(), se:cdp: ws://localhost:56864/devtoo..., se:cdpVersion: 97.0.4692.99, setWindowRect: true, strictFileInteractability: false, timeouts: {implicit: 0, pageLoad: 300000, script: 30000}, unhandledPromptBehavior: dismiss and notify, webauthn:extension:credBlob: true, webauthn:extension:largeBlob: true, webauthn:virtualAuthenticators: true}
Session ID: 0c321f8cd241ceeaf18196890b26d55b
	at org.openqa.selenium.remote.codec.w3c.W3CHttpResponseCodec.createException(W3CHttpResponseCodec.java:200)
	at org.openqa.selenium.remote.codec.w3c.W3CHttpResponseCodec.decode(W3CHttpResponseCodec.java:133)
	at org.openqa.selenium.remote.codec.w3c.W3CHttpResponseCodec.decode(W3CHttpResponseCodec.java:53)
	at org.openqa.selenium.remote.HttpCommandExecutor.execute(HttpCommandExecutor.java:184)
	at org.openqa.selenium.remote.service.DriverCommandExecutor.invokeExecute(DriverCommandExecutor.java:164)
	at org.openqa.selenium.remote.service.DriverCommandExecutor.execute(DriverCommandExecutor.java:139)
	at org.openqa.selenium.remote.RemoteWebDriver.execute(RemoteWebDriver.java:559)
	at org.openqa.selenium.remote.ElementLocation$ElementFinder$2.findElement(ElementLocation.java:162)
	at org.openqa.selenium.remote.ElementLocation.findElement(ElementLocation.java:60)
	at org.openqa.selenium.remote.RemoteWebDriver.findElement(RemoteWebDriver.java:383)
	at org.openqa.selenium.remote.RemoteWebDriver.findElement(RemoteWebDriver.java:375)
	at pageActions.loginAction.login(loginAction.java:23)
	at testsuite.quote_test.login(quote_test.java:24)
	at java.util.ArrayList.forEach(ArrayList.java:1259)
... Removed 35 stack frames</div></td></tr></table><p class="totop"><a href="#summary">back to summary</a></p>
<h3 id="m9">testsuite.baseTest#VerifyForgotPassword_Loginastext_27238_27254_27220_27255_27237_27166</h3><table class="result"><tr><th class="invisible"/></tr></table><p class="totop"><a href="#summary">back to summary</a></p>
<h3 id="m10">testsuite.baseTest#VerifyGAPPortallinkfunctionality_27233_27259_27229</h3><table class="result"><tr><th class="invisible"/></tr></table><p class="totop"><a href="#summary">back to summary</a></p>
<h3 id="m11">testsuite.baseTest#VerifyLocationPrivacyPolicyLink_27224_27239_27254</h3><table class="result"><tr><th class="invisible"/></tr></table><p class="totop"><a href="#summary">back to summary</a></p>
<h3 id="m12">testsuite.baseTest#VerifyRememberMyPasswordLocation_27214</h3><table class="result"><tr><th class="invisible"/></tr></table><p class="totop"><a href="#summary">back to summary</a></p>
<h3 id="m13">testsuite.baseTest#VerifyWelcomeTextOnTheADLUILoginPage_27248_27244_27110</h3><table class="result"><tr><th class="invisible"/></tr></table><p class="totop"><a href="#summary">back to summary</a></p>
<h3 id="m14">testsuite.baseTest#Verify_image_on_the_right_side_of_the_login_page_27225</h3><table class="result"><tr><th class="invisible"/></tr></table><p class="totop"><a href="#summary">back to summary</a></p>
<h3 id="m15">testsuite.baseTest#VerifyeClaimsPortalforRepairFacilitieslink_27228_27231_27261</h3><table class="result"><tr><th class="invisible"/></tr></table><p class="totop"><a href="#summary">back to summary</a></p>
<h3 id="m16">testsuite.contract_test#createContract1</h3><table class="result"><tr class="param"><th>Parameter #1</th></tr><tr class="param stripe"><td>[Automation, Test, JN8AS58TX9W905001, 123.0, Limited Warranty - RAW]</td></tr></table><p class="totop"><a href="#summary">back to summary</a></p>
<h3 id="m17">testsuite.contract_test#createContract1</h3><table class="result"><tr class="param"><th>Parameter #1</th></tr><tr class="param stripe"><td>[Automation, Test, 2T1BR18E5WC056406, 123.0, Limited Warranty - RAW]</td></tr></table><p class="totop"><a href="#summary">back to summary</a></p>
<h3 id="m18">testsuite.login1_test#loggedIn</h3><table class="result"><tr class="param"><th>Parameter #1</th><th>Parameter #2</th></tr><tr class="param stripe"><td>Agent110</td><td>Since1996</td></tr></table><p class="totop"><a href="#summary">back to summary</a></p>
<h3 id="m19">testsuite.login1_test#loggedIn</h3><table class="result"><tr class="param"><th>Parameter #1</th><th>Parameter #2</th></tr><tr class="param stripe"><td>coforgeadmin</td><td>TAdmin54!</td></tr></table><p class="totop"><a href="#summary">back to summary</a></p>
<h3 id="m20">testsuite.login1_test#loggedIn</h3><table class="result"><tr class="param"><th>Parameter #1</th><th>Parameter #2</th></tr><tr class="param stripe"><td>Dealer7032823</td><td>4558600</td></tr></table><p class="totop"><a href="#summary">back to summary</a></p>
<h3 id="m21">testsuite.login1_test#welcomePage</h3><table class="result"><tr><th class="invisible"/></tr></table><p class="totop"><a href="#summary">back to summary</a></p>
<h3 id="m22">testsuite.loginValidation_test#emptyLogin</h3><table class="result"><tr><th class="invisible"/></tr></table><p class="totop"><a href="#summary">back to summary</a></p>
<h3 id="m23">testsuite.loginValidation_test#emptyLoginPassword</h3><table class="result"><tr><th class="invisible"/></tr></table><p class="totop"><a href="#summary">back to summary</a></p>
<h3 id="m24">testsuite.loginValidation_test#emptyLoginUsername</h3><table class="result"><tr><th class="invisible"/></tr></table><p class="totop"><a href="#summary">back to summary</a></p>
<h3 id="m25">testsuite.loginValidation_test#incorrectCredential</h3><table class="result"><tr><th class="invisible"/></tr></table><p class="totop"><a href="#summary">back to summary</a></p>
<h3 id="m26">testsuite.loginValidation_test#incorrectpasswordCredential</h3><table class="result"><tr><th class="invisible"/></tr></table><p class="totop"><a href="#summary">back to summary</a></p>
<h3 id="m27">testsuite.loginValidation_test#incorrectusernameCredential</h3><table class="result"><tr><th class="invisible"/></tr></table><p class="totop"><a href="#summary">back to summary</a></p>
<h3 id="m28">testsuite.screenTitle_test#screenAgentTitle</h3><table class="result"><tr class="param"><th>Parameter #1</th><th>Parameter #2</th></tr><tr class="param stripe"><td>Reports</td><td>Claims History</td></tr></table><p class="totop"><a href="#summary">back to summary</a></p>
<h3 id="m29">testsuite.screenTitle_test#screenAgentTitle</h3><table class="result"><tr class="param"><th>Parameter #1</th><th>Parameter #2</th></tr><tr class="param stripe"><td>Reports</td><td>Early Claims</td></tr></table><p class="totop"><a href="#summary">back to summary</a></p>
<h3 id="m30">testsuite.screenTitle_test#screenAgentTitle</h3><table class="result"><tr class="param"><th>Parameter #1</th><th>Parameter #2</th></tr><tr class="param stripe"><td>Contracts</td><td>Contract Search</td></tr></table><p class="totop"><a href="#summary">back to summary</a></p>
<h3 id="m31">testsuite.screenTitle_test#screenAgentTitle</h3><table class="result"><tr class="param"><th>Parameter #1</th><th>Parameter #2</th></tr><tr class="param stripe"><td>E-Rate</td><td>Rate/Contract</td></tr></table><p class="totop"><a href="#summary">back to summary</a></p>
<h3 id="m32">testsuite.screenTitle_test#screenAgentTitle</h3><table class="result"><tr class="param"><th>Parameter #1</th><th>Parameter #2</th></tr><tr class="param stripe"><td>Reports</td><td>Cancellations</td></tr></table><p class="totop"><a href="#summary">back to summary</a></p>
<h3 id="m33">testsuite.screenTitle_test#screenAgentTitle</h3><table class="result"><tr class="param"><th>Parameter #1</th><th>Parameter #2</th></tr><tr class="param stripe"><td>E-Rate</td><td>Quote History</td></tr></table><p class="totop"><a href="#summary">back to summary</a></p>
<h3 id="m34">testsuite.screenTitle_test#screenAgentTitle</h3><table class="result"><tr class="param"><th>Parameter #1</th><th>Parameter #2</th></tr><tr class="param stripe"><td>Reports</td><td>Agent Sales Report</td></tr></table><p class="totop"><a href="#summary">back to summary</a></p>
<h3 id="m35">testsuite.screenTitle_test#screenAgentTitle</h3><table class="result"><tr class="param"><th>Parameter #1</th><th>Parameter #2</th></tr><tr class="param stripe"><td>Reports</td><td>Actuarials</td></tr></table><p class="totop"><a href="#summary">back to summary</a></p>
<h3 id="m36">testsuite.screenTitle_test#screenAgentTitle</h3><table class="result"><tr class="param"><th>Parameter #1</th><th>Parameter #2</th></tr><tr class="param stripe"><td>Reports</td><td>My Account Statements</td></tr></table><p class="totop"><a href="#summary">back to summary</a></p>
<h3 id="m37">testsuite.screenTitle_test#screenTitle</h3><table class="result"><tr class="param"><th>Parameter #1</th><th>Parameter #2</th></tr><tr class="param stripe"><td>E-Rate</td><td>Rate/Contract</td></tr></table><p class="totop"><a href="#summary">back to summary</a></p>
<h3 id="m38">testsuite.screenTitle_test#screenTitle</h3><table class="result"><tr class="param"><th>Parameter #1</th><th>Parameter #2</th></tr><tr class="param stripe"><td>Reports</td><td>My Account Statements</td></tr></table><p class="totop"><a href="#summary">back to summary</a></p>
<h3 id="m39">testsuite.screenTitle_test#screenTitle</h3><table class="result"><tr class="param"><th>Parameter #1</th><th>Parameter #2</th></tr><tr class="param stripe"><td>E-Rate</td><td>Quote History</td></tr></table><p class="totop"><a href="#summary">back to summary</a></p>
<h3 id="m40">testsuite.screenTitle_test#screenTitle</h3><table class="result"><tr class="param"><th>Parameter #1</th><th>Parameter #2</th></tr><tr class="param stripe"><td>Reports</td><td>Actuarials</td></tr></table><p class="totop"><a href="#summary">back to summary</a></p>
<h3 id="m41">testsuite.screenTitle_test#screenTitle</h3><table class="result"><tr class="param"><th>Parameter #1</th><th>Parameter #2</th></tr><tr class="param stripe"><td>Contracts</td><td>SPP</td></tr></table><p class="totop"><a href="#summary">back to summary</a></p>
<h3 id="m42">testsuite.screenTitle_test#screenTitle</h3><table class="result"><tr class="param"><th>Parameter #1</th><th>Parameter #2</th></tr><tr class="param stripe"><td>Reports</td><td>Cancellations</td></tr></table><p class="totop"><a href="#summary">back to summary</a></p>
<h3 id="m43">testsuite.screenTitle_test#screenTitle</h3><table class="result"><tr class="param"><th>Parameter #1</th><th>Parameter #2</th></tr><tr class="param stripe"><td>Reports</td><td>Early Claims</td></tr></table><p class="totop"><a href="#summary">back to summary</a></p>
<h3 id="m44">testsuite.screenTitle_test#screenTitle</h3><table class="result"><tr class="param"><th>Parameter #1</th><th>Parameter #2</th></tr><tr class="param stripe"><td>Contracts</td><td>Contract Search</td></tr></table><p class="totop"><a href="#summary">back to summary</a></p>
<h3 id="m45">testsuite.screenTitle_test#screenTitle</h3><table class="result"><tr class="param"><th>Parameter #1</th><th>Parameter #2</th></tr><tr class="param stripe"><td>Reports</td><td>Claims History</td></tr></table><p class="totop"><a href="#summary">back to summary</a></p>
<h3 id="m46">testsuite.screenTitle_test#screenTitle</h3><table class="result"><tr class="param"><th>Parameter #1</th><th>Parameter #2</th></tr><tr class="param stripe"><td>Cancellations</td><td>Cancellation History</td></tr></table><p class="totop"><a href="#summary">back to summary</a></p>
<h3 id="m47">testsuite.screenTitle_test#screenTitle</h3><table class="result"><tr class="param"><th>Parameter #1</th><th>Parameter #2</th></tr><tr class="param stripe"><td>Cancellations</td><td>Cancellation Quote</td></tr></table><p class="totop"><a href="#summary">back to summary</a></p>
</body>
</html>
