<?xml version="1.0" encoding="UTF-8"?>
<testng-results skipped="2" failed="2" ignored="20" total="61" passed="37">
  <reporter-output>
  </reporter-output>
  <suite name="Regression" duration-ms="387330" started-at="2022-04-22T00:09:23 PDT" finished-at="2022-04-22T00:15:50 PDT">
    <groups>
    </groups>
    <test name="ADL" duration-ms="387330" started-at="2022-04-22T00:09:23 PDT" finished-at="2022-04-22T00:15:50 PDT">
      <class name="testsuite.contract_test">
        <test-method status="FAIL" signature="login()[pri:0, instance:testsuite.contract_test@481a15ff]" name="login" is-config="true" duration-ms="15475" started-at="2022-04-22T00:15:25 PDT" finished-at="2022-04-22T00:15:40 PDT">
          <exception class="org.openqa.selenium.NoSuchElementException">
            <message>
              <![CDATA[no such element: Unable to locate element: {"method":"css selector","selector":"input[placeholder="Enter your username"]"}
  (Session info: chrome=97.0.4692.99)
For documentation on this error, please visit: https://selenium.dev/exceptions/#no_such_element
Build info: version: '4.0.0', revision: '3a21814679'
System info: host: 'AUL-DEV-03', ip: '10.0.5.63', os.name: 'Windows 10', os.arch: 'amd64', os.version: '10.0', java.version: '1.8.0_261'
Driver info: org.openqa.selenium.chrome.ChromeDriver
Command: [2574890323d2c222083f1381afeb6c9b, findElement {using=css selector, value=input[placeholder="Enter your username"]}]
Capabilities {acceptInsecureCerts: false, browserName: chrome, browserVersion: 97.0.4692.99, chrome: {chromedriverVersion: 96.0.4664.45 (76e4c1bb2ab46..., userDataDir: C:\Users\ANKIT~1.SRI\AppDat...}, goog:chromeOptions: {debuggerAddress: localhost:58953}, javascriptEnabled: true, networkConnectionEnabled: false, pageLoadStrategy: normal, platform: WINDOWS, platformName: WINDOWS, proxy: Proxy(), se:cdp: ws://localhost:58953/devtoo..., se:cdpVersion: 97.0.4692.99, setWindowRect: true, strictFileInteractability: false, timeouts: {implicit: 0, pageLoad: 300000, script: 30000}, unhandledPromptBehavior: dismiss and notify, webauthn:extension:credBlob: true, webauthn:extension:largeBlob: true, webauthn:virtualAuthenticators: true}
Session ID: 2574890323d2c222083f1381afeb6c9b]]>
            </message>
            <full-stacktrace>
              <![CDATA[org.openqa.selenium.NoSuchElementException: no such element: Unable to locate element: {"method":"css selector","selector":"input[placeholder="Enter your username"]"}
  (Session info: chrome=97.0.4692.99)
For documentation on this error, please visit: https://selenium.dev/exceptions/#no_such_element
Build info: version: '4.0.0', revision: '3a21814679'
System info: host: 'AUL-DEV-03', ip: '10.0.5.63', os.name: 'Windows 10', os.arch: 'amd64', os.version: '10.0', java.version: '1.8.0_261'
Driver info: org.openqa.selenium.chrome.ChromeDriver
Command: [2574890323d2c222083f1381afeb6c9b, findElement {using=css selector, value=input[placeholder="Enter your username"]}]
Capabilities {acceptInsecureCerts: false, browserName: chrome, browserVersion: 97.0.4692.99, chrome: {chromedriverVersion: 96.0.4664.45 (76e4c1bb2ab46..., userDataDir: C:\Users\ANKIT~1.SRI\AppDat...}, goog:chromeOptions: {debuggerAddress: localhost:58953}, javascriptEnabled: true, networkConnectionEnabled: false, pageLoadStrategy: normal, platform: WINDOWS, platformName: WINDOWS, proxy: Proxy(), se:cdp: ws://localhost:58953/devtoo..., se:cdpVersion: 97.0.4692.99, setWindowRect: true, strictFileInteractability: false, timeouts: {implicit: 0, pageLoad: 300000, script: 30000}, unhandledPromptBehavior: dismiss and notify, webauthn:extension:credBlob: true, webauthn:extension:largeBlob: true, webauthn:virtualAuthenticators: true}
Session ID: 2574890323d2c222083f1381afeb6c9b
at sun.reflect.NativeConstructorAccessorImpl.newInstance0(Native Method)
at sun.reflect.NativeConstructorAccessorImpl.newInstance(NativeConstructorAccessorImpl.java:62)
at sun.reflect.DelegatingConstructorAccessorImpl.newInstance(DelegatingConstructorAccessorImpl.java:45)
at java.lang.reflect.Constructor.newInstance(Constructor.java:423)
at org.openqa.selenium.remote.codec.w3c.W3CHttpResponseCodec.createException(W3CHttpResponseCodec.java:200)
at org.openqa.selenium.remote.codec.w3c.W3CHttpResponseCodec.decode(W3CHttpResponseCodec.java:133)
at org.openqa.selenium.remote.codec.w3c.W3CHttpResponseCodec.decode(W3CHttpResponseCodec.java:53)
at org.openqa.selenium.remote.HttpCommandExecutor.execute(HttpCommandExecutor.java:184)
at org.openqa.selenium.remote.service.DriverCommandExecutor.invokeExecute(DriverCommandExecutor.java:164)
at org.openqa.selenium.remote.service.DriverCommandExecutor.execute(DriverCommandExecutor.java:139)
at org.openqa.selenium.remote.RemoteWebDriver.execute(RemoteWebDriver.java:559)
at org.openqa.selenium.remote.ElementLocation$ElementFinder$2.findElement(ElementLocation.java:162)
at org.openqa.selenium.remote.ElementLocation.findElement(ElementLocation.java:60)
at org.openqa.selenium.remote.RemoteWebDriver.findElement(RemoteWebDriver.java:383)
at org.openqa.selenium.remote.RemoteWebDriver.findElement(RemoteWebDriver.java:375)
at pageActions.loginAction.login(loginAction.java:23)
at testsuite.contract_test.login(contract_test.java:26)
at sun.reflect.NativeMethodAccessorImpl.invoke0(Native Method)
at sun.reflect.NativeMethodAccessorImpl.invoke(NativeMethodAccessorImpl.java:62)
at sun.reflect.DelegatingMethodAccessorImpl.invoke(DelegatingMethodAccessorImpl.java:43)
at java.lang.reflect.Method.invoke(Method.java:498)
at org.testng.internal.MethodInvocationHelper.invokeMethod(MethodInvocationHelper.java:133)
at org.testng.internal.MethodInvocationHelper.invokeMethodConsideringTimeout(MethodInvocationHelper.java:62)
at org.testng.internal.ConfigInvoker.invokeConfigurationMethod(ConfigInvoker.java:385)
at org.testng.internal.ConfigInvoker.invokeConfigurations(ConfigInvoker.java:321)
at org.testng.internal.TestMethodWorker.invokeBeforeClassMethods(TestMethodWorker.java:176)
at org.testng.internal.TestMethodWorker.run(TestMethodWorker.java:122)
at java.util.ArrayList.forEach(ArrayList.java:1259)
at org.testng.TestRunner.privateRun(TestRunner.java:794)
at org.testng.TestRunner.run(TestRunner.java:596)
at org.testng.SuiteRunner.runTest(SuiteRunner.java:377)
at org.testng.SuiteRunner.runSequentially(SuiteRunner.java:371)
at org.testng.SuiteRunner.privateRun(SuiteRunner.java:332)
at org.testng.SuiteRunner.run(SuiteRunner.java:276)
at org.testng.SuiteRunnerWorker.runSuite(SuiteRunnerWorker.java:53)
at org.testng.SuiteRunnerWorker.run(SuiteRunnerWorker.java:96)
at org.testng.TestNG.runSuitesSequentially(TestNG.java:1212)
at org.testng.TestNG.runSuitesLocally(TestNG.java:1134)
at org.testng.TestNG.runSuites(TestNG.java:1063)
at org.testng.TestNG.run(TestNG.java:1031)
at org.testng.remote.AbstractRemoteTestNG.run(AbstractRemoteTestNG.java:115)
at org.testng.remote.RemoteTestNG.initAndRun(RemoteTestNG.java:251)
at org.testng.remote.RemoteTestNG.main(RemoteTestNG.java:77)
]]>
            </full-stacktrace>
          </exception> <!-- org.openqa.selenium.NoSuchElementException -->
          <reporter-output>
          </reporter-output>
        </test-method> <!-- login -->
        <test-method status="SKIP" signature="createContract1([Ljava.lang.String;)[pri:1, instance:testsuite.contract_test@481a15ff]" name="createContract1" duration-ms="0" started-at="2022-04-22T00:15:40 PDT" data-provider="test1" finished-at="2022-04-22T00:15:40 PDT">
          <exception class="java.lang.RuntimeException">
            <message>
              <![CDATA[java.lang.Error: Unresolved compilation problems: 
She cannot be resolved to a type
Syntax error, insert ";" to complete LocalVariableDeclarationStatement
of cannot be resolved to a type
Syntax error on token "int", ; expected
et cannot be resolved to a type
totalNoOfRows cannot be resolved to a variable
totalNoOfRows cannot be resolved to a variable
]]>
            </message>
            <full-stacktrace>
              <![CDATA[java.lang.RuntimeException: java.lang.Error: Unresolved compilation problems: 
She cannot be resolved to a type
Syntax error, insert ";" to complete LocalVariableDeclarationStatement
of cannot be resolved to a type
Syntax error on token "int", ; expected
et cannot be resolved to a type
totalNoOfRows cannot be resolved to a variable
totalNoOfRows cannot be resolved to a variable

at org.testng.internal.MethodInvocationHelper.invokeMethodNoCheckedException(MethodInvocationHelper.java:50)
at org.testng.internal.MethodInvocationHelper.invokeDataProvider(MethodInvocationHelper.java:146)
at org.testng.internal.Parameters.handleParameters(Parameters.java:798)
at org.testng.internal.Parameters.handleParameters(Parameters.java:740)
at org.testng.internal.ParameterHandler.handleParameters(ParameterHandler.java:59)
at org.testng.internal.ParameterHandler.createParameters(ParameterHandler.java:38)
at org.testng.internal.TestInvoker$MethodInvocationAgent.invoke(TestInvoker.java:791)
at org.testng.internal.TestInvoker.invokeTestMethods(TestInvoker.java:146)
at org.testng.internal.TestMethodWorker.invokeTestMethods(TestMethodWorker.java:146)
at org.testng.internal.TestMethodWorker.run(TestMethodWorker.java:128)
at java.util.ArrayList.forEach(ArrayList.java:1259)
at org.testng.TestRunner.privateRun(TestRunner.java:794)
at org.testng.TestRunner.run(TestRunner.java:596)
at org.testng.SuiteRunner.runTest(SuiteRunner.java:377)
at org.testng.SuiteRunner.runSequentially(SuiteRunner.java:371)
at org.testng.SuiteRunner.privateRun(SuiteRunner.java:332)
at org.testng.SuiteRunner.run(SuiteRunner.java:276)
at org.testng.SuiteRunnerWorker.runSuite(SuiteRunnerWorker.java:53)
at org.testng.SuiteRunnerWorker.run(SuiteRunnerWorker.java:96)
at org.testng.TestNG.runSuitesSequentially(TestNG.java:1212)
at org.testng.TestNG.runSuitesLocally(TestNG.java:1134)
at org.testng.TestNG.runSuites(TestNG.java:1063)
at org.testng.TestNG.run(TestNG.java:1031)
at org.testng.remote.AbstractRemoteTestNG.run(AbstractRemoteTestNG.java:115)
at org.testng.remote.RemoteTestNG.initAndRun(RemoteTestNG.java:251)
at org.testng.remote.RemoteTestNG.main(RemoteTestNG.java:77)
Caused by: java.lang.Error: Unresolved compilation problems: 
She cannot be resolved to a type
Syntax error, insert ";" to complete LocalVariableDeclarationStatement
of cannot be resolved to a type
Syntax error on token "int", ; expected
et cannot be resolved to a type
totalNoOfRows cannot be resolved to a variable
totalNoOfRows cannot be resolved to a variable

at utils.baseClass.getExcelData(baseClass.java:155)
at sun.reflect.NativeMethodAccessorImpl.invoke0(Native Method)
at sun.reflect.NativeMethodAccessorImpl.invoke(NativeMethodAccessorImpl.java:62)
at sun.reflect.DelegatingMethodAccessorImpl.invoke(DelegatingMethodAccessorImpl.java:43)
at java.lang.reflect.Method.invoke(Method.java:498)
at org.testng.internal.MethodInvocationHelper.invokeMethod(MethodInvocationHelper.java:133)
at org.testng.internal.MethodInvocationHelper.invokeMethod(MethodInvocationHelper.java:77)
at org.testng.internal.MethodInvocationHelper.invokeMethodNoCheckedException(MethodInvocationHelper.java:46)
... 25 more
]]>
            </full-stacktrace>
          </exception> <!-- java.lang.RuntimeException -->
          <reporter-output>
          </reporter-output>
        </test-method> <!-- createContract1 -->
        <test-method status="SKIP" signature="close()[pri:0, instance:testsuite.contract_test@481a15ff]" name="close" is-config="true" duration-ms="-1650611740806" started-at="2022-04-22T00:15:40 PDT" finished-at="1969-12-31T16:00:00 PST">
          <reporter-output>
          </reporter-output>
        </test-method> <!-- close -->
      </class> <!-- testsuite.contract_test -->
      <class name="testsuite.login1_test">
        <test-method status="PASS" signature="welcomePage()[pri:1, instance:testsuite.login1_test@710726a3]" name="welcomePage" duration-ms="183" started-at="2022-04-22T00:09:32 PDT" finished-at="2022-04-22T00:09:32 PDT">
          <reporter-output>
          </reporter-output>
        </test-method> <!-- welcomePage -->
        <test-method status="PASS" signature="loggedIn(java.lang.String,java.lang.String)[pri:2, instance:testsuite.login1_test@710726a3]" name="loggedIn" duration-ms="11796" started-at="2022-04-22T00:09:32 PDT" data-provider="login1" finished-at="2022-04-22T00:09:44 PDT">
          <params>
            <param index="0">
              <value>
                <![CDATA[Dealer7032823]]>
              </value>
            </param>
            <param index="1">
              <value>
                <![CDATA[4558600]]>
              </value>
            </param>
          </params>
          <reporter-output>
          </reporter-output>
        </test-method> <!-- loggedIn -->
        <test-method status="PASS" signature="loggedIn(java.lang.String,java.lang.String)[pri:2, instance:testsuite.login1_test@710726a3]" name="loggedIn" duration-ms="10001" started-at="2022-04-22T00:09:44 PDT" data-provider="login1" finished-at="2022-04-22T00:09:54 PDT">
          <params>
            <param index="0">
              <value>
                <![CDATA[Agent110]]>
              </value>
            </param>
            <param index="1">
              <value>
                <![CDATA[Since1996]]>
              </value>
            </param>
          </params>
          <reporter-output>
          </reporter-output>
        </test-method> <!-- loggedIn -->
        <test-method status="PASS" signature="loggedIn(java.lang.String,java.lang.String)[pri:2, instance:testsuite.login1_test@710726a3]" name="loggedIn" duration-ms="9911" started-at="2022-04-22T00:09:54 PDT" data-provider="login1" finished-at="2022-04-22T00:10:04 PDT">
          <params>
            <param index="0">
              <value>
                <![CDATA[coforgeadmin]]>
              </value>
            </param>
            <param index="1">
              <value>
                <![CDATA[TAdmin54!]]>
              </value>
            </param>
          </params>
          <reporter-output>
          </reporter-output>
        </test-method> <!-- loggedIn -->
      </class> <!-- testsuite.login1_test -->
      <class name="testsuite.screenTitle_test">
        <test-method status="PASS" signature="login()[pri:0, instance:testsuite.screenTitle_test@646007f4]" name="login" is-config="true" duration-ms="717" started-at="2022-04-22T00:10:04 PDT" finished-at="2022-04-22T00:10:05 PDT">
          <reporter-output>
          </reporter-output>
        </test-method> <!-- login -->
        <test-method status="PASS" signature="screenTitle(java.lang.String,java.lang.String)[pri:1, instance:testsuite.screenTitle_test@646007f4]" name="screenTitle" duration-ms="14120" started-at="2022-04-22T00:10:05 PDT" data-provider="Dealer" finished-at="2022-04-22T00:10:19 PDT">
          <params>
            <param index="0">
              <value>
                <![CDATA[E-Rate]]>
              </value>
            </param>
            <param index="1">
              <value>
                <![CDATA[Rate/Contract]]>
              </value>
            </param>
          </params>
          <reporter-output>
          </reporter-output>
        </test-method> <!-- screenTitle -->
        <test-method status="PASS" signature="screenTitle(java.lang.String,java.lang.String)[pri:1, instance:testsuite.screenTitle_test@646007f4]" name="screenTitle" duration-ms="14124" started-at="2022-04-22T00:10:19 PDT" data-provider="Dealer" finished-at="2022-04-22T00:10:33 PDT">
          <params>
            <param index="0">
              <value>
                <![CDATA[E-Rate]]>
              </value>
            </param>
            <param index="1">
              <value>
                <![CDATA[Quote History]]>
              </value>
            </param>
          </params>
          <reporter-output>
          </reporter-output>
        </test-method> <!-- screenTitle -->
        <test-method status="PASS" signature="screenTitle(java.lang.String,java.lang.String)[pri:1, instance:testsuite.screenTitle_test@646007f4]" name="screenTitle" duration-ms="14224" started-at="2022-04-22T00:10:33 PDT" data-provider="Dealer" finished-at="2022-04-22T00:10:47 PDT">
          <params>
            <param index="0">
              <value>
                <![CDATA[Contracts]]>
              </value>
            </param>
            <param index="1">
              <value>
                <![CDATA[Contract Search]]>
              </value>
            </param>
          </params>
          <reporter-output>
          </reporter-output>
        </test-method> <!-- screenTitle -->
        <test-method status="PASS" signature="screenTitle(java.lang.String,java.lang.String)[pri:1, instance:testsuite.screenTitle_test@646007f4]" name="screenTitle" duration-ms="14314" started-at="2022-04-22T00:10:47 PDT" data-provider="Dealer" finished-at="2022-04-22T00:11:02 PDT">
          <params>
            <param index="0">
              <value>
                <![CDATA[Contracts]]>
              </value>
            </param>
            <param index="1">
              <value>
                <![CDATA[SPP]]>
              </value>
            </param>
          </params>
          <reporter-output>
          </reporter-output>
        </test-method> <!-- screenTitle -->
        <test-method status="PASS" signature="screenTitle(java.lang.String,java.lang.String)[pri:1, instance:testsuite.screenTitle_test@646007f4]" name="screenTitle" duration-ms="14231" started-at="2022-04-22T00:11:02 PDT" data-provider="Dealer" finished-at="2022-04-22T00:11:16 PDT">
          <params>
            <param index="0">
              <value>
                <![CDATA[Cancellations]]>
              </value>
            </param>
            <param index="1">
              <value>
                <![CDATA[Cancellation Quote]]>
              </value>
            </param>
          </params>
          <reporter-output>
          </reporter-output>
        </test-method> <!-- screenTitle -->
        <test-method status="PASS" signature="screenTitle(java.lang.String,java.lang.String)[pri:1, instance:testsuite.screenTitle_test@646007f4]" name="screenTitle" duration-ms="14138" started-at="2022-04-22T00:11:16 PDT" data-provider="Dealer" finished-at="2022-04-22T00:11:30 PDT">
          <params>
            <param index="0">
              <value>
                <![CDATA[Cancellations]]>
              </value>
            </param>
            <param index="1">
              <value>
                <![CDATA[Cancellation History]]>
              </value>
            </param>
          </params>
          <reporter-output>
          </reporter-output>
        </test-method> <!-- screenTitle -->
        <test-method status="PASS" signature="screenTitle(java.lang.String,java.lang.String)[pri:1, instance:testsuite.screenTitle_test@646007f4]" name="screenTitle" duration-ms="14216" started-at="2022-04-22T00:11:30 PDT" data-provider="Dealer" finished-at="2022-04-22T00:11:44 PDT">
          <params>
            <param index="0">
              <value>
                <![CDATA[Reports]]>
              </value>
            </param>
            <param index="1">
              <value>
                <![CDATA[My Account Statements]]>
              </value>
            </param>
          </params>
          <reporter-output>
          </reporter-output>
        </test-method> <!-- screenTitle -->
        <test-method status="PASS" signature="screenTitle(java.lang.String,java.lang.String)[pri:1, instance:testsuite.screenTitle_test@646007f4]" name="screenTitle" duration-ms="14287" started-at="2022-04-22T00:11:44 PDT" data-provider="Dealer" finished-at="2022-04-22T00:11:58 PDT">
          <params>
            <param index="0">
              <value>
                <![CDATA[Reports]]>
              </value>
            </param>
            <param index="1">
              <value>
                <![CDATA[Early Claims]]>
              </value>
            </param>
          </params>
          <reporter-output>
          </reporter-output>
        </test-method> <!-- screenTitle -->
        <test-method status="PASS" signature="screenTitle(java.lang.String,java.lang.String)[pri:1, instance:testsuite.screenTitle_test@646007f4]" name="screenTitle" duration-ms="14175" started-at="2022-04-22T00:11:58 PDT" data-provider="Dealer" finished-at="2022-04-22T00:12:13 PDT">
          <params>
            <param index="0">
              <value>
                <![CDATA[Reports]]>
              </value>
            </param>
            <param index="1">
              <value>
                <![CDATA[Cancellations]]>
              </value>
            </param>
          </params>
          <reporter-output>
          </reporter-output>
        </test-method> <!-- screenTitle -->
        <test-method status="PASS" signature="screenTitle(java.lang.String,java.lang.String)[pri:1, instance:testsuite.screenTitle_test@646007f4]" name="screenTitle" duration-ms="14223" started-at="2022-04-22T00:12:13 PDT" data-provider="Dealer" finished-at="2022-04-22T00:12:27 PDT">
          <params>
            <param index="0">
              <value>
                <![CDATA[Reports]]>
              </value>
            </param>
            <param index="1">
              <value>
                <![CDATA[Claims History]]>
              </value>
            </param>
          </params>
          <reporter-output>
          </reporter-output>
        </test-method> <!-- screenTitle -->
        <test-method status="PASS" signature="screenTitle(java.lang.String,java.lang.String)[pri:1, instance:testsuite.screenTitle_test@646007f4]" name="screenTitle" duration-ms="14242" started-at="2022-04-22T00:12:27 PDT" data-provider="Dealer" finished-at="2022-04-22T00:12:41 PDT">
          <params>
            <param index="0">
              <value>
                <![CDATA[Reports]]>
              </value>
            </param>
            <param index="1">
              <value>
                <![CDATA[Actuarials]]>
              </value>
            </param>
          </params>
          <reporter-output>
          </reporter-output>
        </test-method> <!-- screenTitle -->
        <test-method status="PASS" signature="screenAgentTitle(java.lang.String,java.lang.String)[pri:2, instance:testsuite.screenTitle_test@646007f4]" name="screenAgentTitle" duration-ms="14116" started-at="2022-04-22T00:12:41 PDT" data-provider="Agent" finished-at="2022-04-22T00:12:55 PDT">
          <params>
            <param index="0">
              <value>
                <![CDATA[E-Rate]]>
              </value>
            </param>
            <param index="1">
              <value>
                <![CDATA[Rate/Contract]]>
              </value>
            </param>
          </params>
          <reporter-output>
          </reporter-output>
        </test-method> <!-- screenAgentTitle -->
        <test-method status="PASS" signature="screenAgentTitle(java.lang.String,java.lang.String)[pri:2, instance:testsuite.screenTitle_test@646007f4]" name="screenAgentTitle" duration-ms="14287" started-at="2022-04-22T00:12:55 PDT" data-provider="Agent" finished-at="2022-04-22T00:13:10 PDT">
          <params>
            <param index="0">
              <value>
                <![CDATA[E-Rate]]>
              </value>
            </param>
            <param index="1">
              <value>
                <![CDATA[Quote History]]>
              </value>
            </param>
          </params>
          <reporter-output>
          </reporter-output>
        </test-method> <!-- screenAgentTitle -->
        <test-method status="PASS" signature="screenAgentTitle(java.lang.String,java.lang.String)[pri:2, instance:testsuite.screenTitle_test@646007f4]" name="screenAgentTitle" duration-ms="14564" started-at="2022-04-22T00:13:10 PDT" data-provider="Agent" finished-at="2022-04-22T00:13:24 PDT">
          <params>
            <param index="0">
              <value>
                <![CDATA[Contracts]]>
              </value>
            </param>
            <param index="1">
              <value>
                <![CDATA[Contract Search]]>
              </value>
            </param>
          </params>
          <reporter-output>
          </reporter-output>
        </test-method> <!-- screenAgentTitle -->
        <test-method status="PASS" signature="screenAgentTitle(java.lang.String,java.lang.String)[pri:2, instance:testsuite.screenTitle_test@646007f4]" name="screenAgentTitle" duration-ms="14748" started-at="2022-04-22T00:13:24 PDT" data-provider="Agent" finished-at="2022-04-22T00:13:39 PDT">
          <params>
            <param index="0">
              <value>
                <![CDATA[Reports]]>
              </value>
            </param>
            <param index="1">
              <value>
                <![CDATA[My Account Statements]]>
              </value>
            </param>
          </params>
          <reporter-output>
          </reporter-output>
        </test-method> <!-- screenAgentTitle -->
        <test-method status="PASS" signature="screenAgentTitle(java.lang.String,java.lang.String)[pri:2, instance:testsuite.screenTitle_test@646007f4]" name="screenAgentTitle" duration-ms="14079" started-at="2022-04-22T00:13:39 PDT" data-provider="Agent" finished-at="2022-04-22T00:13:53 PDT">
          <params>
            <param index="0">
              <value>
                <![CDATA[Reports]]>
              </value>
            </param>
            <param index="1">
              <value>
                <![CDATA[Early Claims]]>
              </value>
            </param>
          </params>
          <reporter-output>
          </reporter-output>
        </test-method> <!-- screenAgentTitle -->
        <test-method status="PASS" signature="screenAgentTitle(java.lang.String,java.lang.String)[pri:2, instance:testsuite.screenTitle_test@646007f4]" name="screenAgentTitle" duration-ms="14181" started-at="2022-04-22T00:13:53 PDT" data-provider="Agent" finished-at="2022-04-22T00:14:07 PDT">
          <params>
            <param index="0">
              <value>
                <![CDATA[Reports]]>
              </value>
            </param>
            <param index="1">
              <value>
                <![CDATA[Cancellations]]>
              </value>
            </param>
          </params>
          <reporter-output>
          </reporter-output>
        </test-method> <!-- screenAgentTitle -->
        <test-method status="PASS" signature="screenAgentTitle(java.lang.String,java.lang.String)[pri:2, instance:testsuite.screenTitle_test@646007f4]" name="screenAgentTitle" duration-ms="14273" started-at="2022-04-22T00:14:07 PDT" data-provider="Agent" finished-at="2022-04-22T00:14:21 PDT">
          <params>
            <param index="0">
              <value>
                <![CDATA[Reports]]>
              </value>
            </param>
            <param index="1">
              <value>
                <![CDATA[Claims History]]>
              </value>
            </param>
          </params>
          <reporter-output>
          </reporter-output>
        </test-method> <!-- screenAgentTitle -->
        <test-method status="PASS" signature="screenAgentTitle(java.lang.String,java.lang.String)[pri:2, instance:testsuite.screenTitle_test@646007f4]" name="screenAgentTitle" duration-ms="14339" started-at="2022-04-22T00:14:21 PDT" data-provider="Agent" finished-at="2022-04-22T00:14:36 PDT">
          <params>
            <param index="0">
              <value>
                <![CDATA[Reports]]>
              </value>
            </param>
            <param index="1">
              <value>
                <![CDATA[Actuarials]]>
              </value>
            </param>
          </params>
          <reporter-output>
          </reporter-output>
        </test-method> <!-- screenAgentTitle -->
        <test-method status="PASS" signature="screenAgentTitle(java.lang.String,java.lang.String)[pri:2, instance:testsuite.screenTitle_test@646007f4]" name="screenAgentTitle" duration-ms="13943" started-at="2022-04-22T00:14:36 PDT" data-provider="Agent" finished-at="2022-04-22T00:14:50 PDT">
          <params>
            <param index="0">
              <value>
                <![CDATA[Reports]]>
              </value>
            </param>
            <param index="1">
              <value>
                <![CDATA[Agent Sales Report]]>
              </value>
            </param>
          </params>
          <reporter-output>
          </reporter-output>
        </test-method> <!-- screenAgentTitle -->
        <test-method status="FAIL" signature="screenAgentTitle(java.lang.String,java.lang.String)[pri:2, instance:testsuite.screenTitle_test@646007f4]" name="screenAgentTitle" duration-ms="20054" started-at="2022-04-22T00:14:50 PDT" data-provider="Agent" finished-at="2022-04-22T00:15:10 PDT">
          <params>
            <param index="0">
              <value>
                <![CDATA[Dealer Settings]]>
              </value>
            </param>
            <param index="1">
              <value>
                <![CDATA[Manage my Dealer Pricing]]>
              </value>
            </param>
          </params>
          <exception class="org.openqa.selenium.NoSuchElementException">
            <message>
              <![CDATA[no such element: Unable to locate element: {"method":"xpath","selector":"//a[contains(text(),'Manage my Dealer Pricing')]"}
  (Session info: chrome=97.0.4692.99)
For documentation on this error, please visit: https://selenium.dev/exceptions/#no_such_element
Build info: version: '4.0.0', revision: '3a21814679'
System info: host: 'AUL-DEV-03', ip: '10.0.5.63', os.name: 'Windows 10', os.arch: 'amd64', os.version: '10.0', java.version: '1.8.0_261'
Driver info: org.openqa.selenium.chrome.ChromeDriver
Command: [2574890323d2c222083f1381afeb6c9b, findElement {using=xpath, value=//a[contains(text(),'Manage my Dealer Pricing')]}]
Capabilities {acceptInsecureCerts: false, browserName: chrome, browserVersion: 97.0.4692.99, chrome: {chromedriverVersion: 96.0.4664.45 (76e4c1bb2ab46..., userDataDir: C:\Users\ANKIT~1.SRI\AppDat...}, goog:chromeOptions: {debuggerAddress: localhost:58953}, javascriptEnabled: true, networkConnectionEnabled: false, pageLoadStrategy: normal, platform: WINDOWS, platformName: WINDOWS, proxy: Proxy(), se:cdp: ws://localhost:58953/devtoo..., se:cdpVersion: 97.0.4692.99, setWindowRect: true, strictFileInteractability: false, timeouts: {implicit: 0, pageLoad: 300000, script: 30000}, unhandledPromptBehavior: dismiss and notify, webauthn:extension:credBlob: true, webauthn:extension:largeBlob: true, webauthn:virtualAuthenticators: true}
Session ID: 2574890323d2c222083f1381afeb6c9b]]>
            </message>
            <full-stacktrace>
              <![CDATA[org.openqa.selenium.NoSuchElementException: no such element: Unable to locate element: {"method":"xpath","selector":"//a[contains(text(),'Manage my Dealer Pricing')]"}
  (Session info: chrome=97.0.4692.99)
For documentation on this error, please visit: https://selenium.dev/exceptions/#no_such_element
Build info: version: '4.0.0', revision: '3a21814679'
System info: host: 'AUL-DEV-03', ip: '10.0.5.63', os.name: 'Windows 10', os.arch: 'amd64', os.version: '10.0', java.version: '1.8.0_261'
Driver info: org.openqa.selenium.chrome.ChromeDriver
Command: [2574890323d2c222083f1381afeb6c9b, findElement {using=xpath, value=//a[contains(text(),'Manage my Dealer Pricing')]}]
Capabilities {acceptInsecureCerts: false, browserName: chrome, browserVersion: 97.0.4692.99, chrome: {chromedriverVersion: 96.0.4664.45 (76e4c1bb2ab46..., userDataDir: C:\Users\ANKIT~1.SRI\AppDat...}, goog:chromeOptions: {debuggerAddress: localhost:58953}, javascriptEnabled: true, networkConnectionEnabled: false, pageLoadStrategy: normal, platform: WINDOWS, platformName: WINDOWS, proxy: Proxy(), se:cdp: ws://localhost:58953/devtoo..., se:cdpVersion: 97.0.4692.99, setWindowRect: true, strictFileInteractability: false, timeouts: {implicit: 0, pageLoad: 300000, script: 30000}, unhandledPromptBehavior: dismiss and notify, webauthn:extension:credBlob: true, webauthn:extension:largeBlob: true, webauthn:virtualAuthenticators: true}
Session ID: 2574890323d2c222083f1381afeb6c9b
at sun.reflect.NativeConstructorAccessorImpl.newInstance0(Native Method)
at sun.reflect.NativeConstructorAccessorImpl.newInstance(NativeConstructorAccessorImpl.java:62)
at sun.reflect.DelegatingConstructorAccessorImpl.newInstance(DelegatingConstructorAccessorImpl.java:45)
at java.lang.reflect.Constructor.newInstance(Constructor.java:423)
at org.openqa.selenium.remote.codec.w3c.W3CHttpResponseCodec.createException(W3CHttpResponseCodec.java:200)
at org.openqa.selenium.remote.codec.w3c.W3CHttpResponseCodec.decode(W3CHttpResponseCodec.java:133)
at org.openqa.selenium.remote.codec.w3c.W3CHttpResponseCodec.decode(W3CHttpResponseCodec.java:53)
at org.openqa.selenium.remote.HttpCommandExecutor.execute(HttpCommandExecutor.java:184)
at org.openqa.selenium.remote.service.DriverCommandExecutor.invokeExecute(DriverCommandExecutor.java:164)
at org.openqa.selenium.remote.service.DriverCommandExecutor.execute(DriverCommandExecutor.java:139)
at org.openqa.selenium.remote.RemoteWebDriver.execute(RemoteWebDriver.java:559)
at org.openqa.selenium.remote.ElementLocation$ElementFinder$2.findElement(ElementLocation.java:162)
at org.openqa.selenium.remote.ElementLocation.findElement(ElementLocation.java:60)
at org.openqa.selenium.remote.RemoteWebDriver.findElement(RemoteWebDriver.java:383)
at org.openqa.selenium.remote.RemoteWebDriver.findElement(RemoteWebDriver.java:375)
at utils.utilityClass.getfield(utilityClass.java:260)
at pageActions.verticalMenuAction.navigatetoLeftMenu(verticalMenuAction.java:30)
at testsuite.screenTitle_test.screenAgentTitle(screenTitle_test.java:86)
at sun.reflect.NativeMethodAccessorImpl.invoke0(Native Method)
at sun.reflect.NativeMethodAccessorImpl.invoke(NativeMethodAccessorImpl.java:62)
at sun.reflect.DelegatingMethodAccessorImpl.invoke(DelegatingMethodAccessorImpl.java:43)
at java.lang.reflect.Method.invoke(Method.java:498)
at org.testng.internal.MethodInvocationHelper.invokeMethod(MethodInvocationHelper.java:133)
at org.testng.internal.TestInvoker.invokeMethod(TestInvoker.java:598)
at org.testng.internal.TestInvoker.invokeTestMethod(TestInvoker.java:173)
at org.testng.internal.MethodRunner.runInSequence(MethodRunner.java:46)
at org.testng.internal.TestInvoker$MethodInvocationAgent.invoke(TestInvoker.java:824)
at org.testng.internal.TestInvoker.invokeTestMethods(TestInvoker.java:146)
at org.testng.internal.TestMethodWorker.invokeTestMethods(TestMethodWorker.java:146)
at org.testng.internal.TestMethodWorker.run(TestMethodWorker.java:128)
at java.util.ArrayList.forEach(ArrayList.java:1259)
at org.testng.TestRunner.privateRun(TestRunner.java:794)
at org.testng.TestRunner.run(TestRunner.java:596)
at org.testng.SuiteRunner.runTest(SuiteRunner.java:377)
at org.testng.SuiteRunner.runSequentially(SuiteRunner.java:371)
at org.testng.SuiteRunner.privateRun(SuiteRunner.java:332)
at org.testng.SuiteRunner.run(SuiteRunner.java:276)
at org.testng.SuiteRunnerWorker.runSuite(SuiteRunnerWorker.java:53)
at org.testng.SuiteRunnerWorker.run(SuiteRunnerWorker.java:96)
at org.testng.TestNG.runSuitesSequentially(TestNG.java:1212)
at org.testng.TestNG.runSuitesLocally(TestNG.java:1134)
at org.testng.TestNG.runSuites(TestNG.java:1063)
at org.testng.TestNG.run(TestNG.java:1031)
at org.testng.remote.AbstractRemoteTestNG.run(AbstractRemoteTestNG.java:115)
at org.testng.remote.RemoteTestNG.initAndRun(RemoteTestNG.java:251)
at org.testng.remote.RemoteTestNG.main(RemoteTestNG.java:77)
]]>
            </full-stacktrace>
          </exception> <!-- org.openqa.selenium.NoSuchElementException -->
          <reporter-output>
          </reporter-output>
        </test-method> <!-- screenAgentTitle -->
        <test-method status="FAIL" signature="screenAgentTitle(java.lang.String,java.lang.String)[pri:2, instance:testsuite.screenTitle_test@646007f4]" name="screenAgentTitle" duration-ms="15055" started-at="2022-04-22T00:15:10 PDT" data-provider="Agent" finished-at="2022-04-22T00:15:25 PDT">
          <params>
            <param index="0">
              <value>
                <![CDATA[Dealer Settings]]>
              </value>
            </param>
            <param index="1">
              <value>
                <![CDATA[Impersonate]]>
              </value>
            </param>
          </params>
          <exception class="org.openqa.selenium.NoSuchElementException">
            <message>
              <![CDATA[no such element: Unable to locate element: {"method":"css selector","selector":"input[placeholder="Enter your username"]"}
  (Session info: chrome=97.0.4692.99)
For documentation on this error, please visit: https://selenium.dev/exceptions/#no_such_element
Build info: version: '4.0.0', revision: '3a21814679'
System info: host: 'AUL-DEV-03', ip: '10.0.5.63', os.name: 'Windows 10', os.arch: 'amd64', os.version: '10.0', java.version: '1.8.0_261'
Driver info: org.openqa.selenium.chrome.ChromeDriver
Command: [2574890323d2c222083f1381afeb6c9b, findElement {using=css selector, value=input[placeholder="Enter your username"]}]
Capabilities {acceptInsecureCerts: false, browserName: chrome, browserVersion: 97.0.4692.99, chrome: {chromedriverVersion: 96.0.4664.45 (76e4c1bb2ab46..., userDataDir: C:\Users\ANKIT~1.SRI\AppDat...}, goog:chromeOptions: {debuggerAddress: localhost:58953}, javascriptEnabled: true, networkConnectionEnabled: false, pageLoadStrategy: normal, platform: WINDOWS, platformName: WINDOWS, proxy: Proxy(), se:cdp: ws://localhost:58953/devtoo..., se:cdpVersion: 97.0.4692.99, setWindowRect: true, strictFileInteractability: false, timeouts: {implicit: 0, pageLoad: 300000, script: 30000}, unhandledPromptBehavior: dismiss and notify, webauthn:extension:credBlob: true, webauthn:extension:largeBlob: true, webauthn:virtualAuthenticators: true}
Session ID: 2574890323d2c222083f1381afeb6c9b]]>
            </message>
            <full-stacktrace>
              <![CDATA[org.openqa.selenium.NoSuchElementException: no such element: Unable to locate element: {"method":"css selector","selector":"input[placeholder="Enter your username"]"}
  (Session info: chrome=97.0.4692.99)
For documentation on this error, please visit: https://selenium.dev/exceptions/#no_such_element
Build info: version: '4.0.0', revision: '3a21814679'
System info: host: 'AUL-DEV-03', ip: '10.0.5.63', os.name: 'Windows 10', os.arch: 'amd64', os.version: '10.0', java.version: '1.8.0_261'
Driver info: org.openqa.selenium.chrome.ChromeDriver
Command: [2574890323d2c222083f1381afeb6c9b, findElement {using=css selector, value=input[placeholder="Enter your username"]}]
Capabilities {acceptInsecureCerts: false, browserName: chrome, browserVersion: 97.0.4692.99, chrome: {chromedriverVersion: 96.0.4664.45 (76e4c1bb2ab46..., userDataDir: C:\Users\ANKIT~1.SRI\AppDat...}, goog:chromeOptions: {debuggerAddress: localhost:58953}, javascriptEnabled: true, networkConnectionEnabled: false, pageLoadStrategy: normal, platform: WINDOWS, platformName: WINDOWS, proxy: Proxy(), se:cdp: ws://localhost:58953/devtoo..., se:cdpVersion: 97.0.4692.99, setWindowRect: true, strictFileInteractability: false, timeouts: {implicit: 0, pageLoad: 300000, script: 30000}, unhandledPromptBehavior: dismiss and notify, webauthn:extension:credBlob: true, webauthn:extension:largeBlob: true, webauthn:virtualAuthenticators: true}
Session ID: 2574890323d2c222083f1381afeb6c9b
at sun.reflect.NativeConstructorAccessorImpl.newInstance0(Native Method)
at sun.reflect.NativeConstructorAccessorImpl.newInstance(NativeConstructorAccessorImpl.java:62)
at sun.reflect.DelegatingConstructorAccessorImpl.newInstance(DelegatingConstructorAccessorImpl.java:45)
at java.lang.reflect.Constructor.newInstance(Constructor.java:423)
at org.openqa.selenium.remote.codec.w3c.W3CHttpResponseCodec.createException(W3CHttpResponseCodec.java:200)
at org.openqa.selenium.remote.codec.w3c.W3CHttpResponseCodec.decode(W3CHttpResponseCodec.java:133)
at org.openqa.selenium.remote.codec.w3c.W3CHttpResponseCodec.decode(W3CHttpResponseCodec.java:53)
at org.openqa.selenium.remote.HttpCommandExecutor.execute(HttpCommandExecutor.java:184)
at org.openqa.selenium.remote.service.DriverCommandExecutor.invokeExecute(DriverCommandExecutor.java:164)
at org.openqa.selenium.remote.service.DriverCommandExecutor.execute(DriverCommandExecutor.java:139)
at org.openqa.selenium.remote.RemoteWebDriver.execute(RemoteWebDriver.java:559)
at org.openqa.selenium.remote.ElementLocation$ElementFinder$2.findElement(ElementLocation.java:162)
at org.openqa.selenium.remote.ElementLocation.findElement(ElementLocation.java:60)
at org.openqa.selenium.remote.RemoteWebDriver.findElement(RemoteWebDriver.java:383)
at org.openqa.selenium.remote.RemoteWebDriver.findElement(RemoteWebDriver.java:375)
at pageActions.loginAction.login(loginAction.java:23)
at testsuite.screenTitle_test.screenAgentTitle(screenTitle_test.java:85)
at sun.reflect.NativeMethodAccessorImpl.invoke0(Native Method)
at sun.reflect.NativeMethodAccessorImpl.invoke(NativeMethodAccessorImpl.java:62)
at sun.reflect.DelegatingMethodAccessorImpl.invoke(DelegatingMethodAccessorImpl.java:43)
at java.lang.reflect.Method.invoke(Method.java:498)
at org.testng.internal.MethodInvocationHelper.invokeMethod(MethodInvocationHelper.java:133)
at org.testng.internal.TestInvoker.invokeMethod(TestInvoker.java:598)
at org.testng.internal.TestInvoker.invokeTestMethod(TestInvoker.java:173)
at org.testng.internal.MethodRunner.runInSequence(MethodRunner.java:46)
at org.testng.internal.TestInvoker$MethodInvocationAgent.invoke(TestInvoker.java:824)
at org.testng.internal.TestInvoker.invokeTestMethods(TestInvoker.java:146)
at org.testng.internal.TestMethodWorker.invokeTestMethods(TestMethodWorker.java:146)
at org.testng.internal.TestMethodWorker.run(TestMethodWorker.java:128)
at java.util.ArrayList.forEach(ArrayList.java:1259)
at org.testng.TestRunner.privateRun(TestRunner.java:794)
at org.testng.TestRunner.run(TestRunner.java:596)
at org.testng.SuiteRunner.runTest(SuiteRunner.java:377)
at org.testng.SuiteRunner.runSequentially(SuiteRunner.java:371)
at org.testng.SuiteRunner.privateRun(SuiteRunner.java:332)
at org.testng.SuiteRunner.run(SuiteRunner.java:276)
at org.testng.SuiteRunnerWorker.runSuite(SuiteRunnerWorker.java:53)
at org.testng.SuiteRunnerWorker.run(SuiteRunnerWorker.java:96)
at org.testng.TestNG.runSuitesSequentially(TestNG.java:1212)
at org.testng.TestNG.runSuitesLocally(TestNG.java:1134)
at org.testng.TestNG.runSuites(TestNG.java:1063)
at org.testng.TestNG.run(TestNG.java:1031)
at org.testng.remote.AbstractRemoteTestNG.run(AbstractRemoteTestNG.java:115)
at org.testng.remote.RemoteTestNG.initAndRun(RemoteTestNG.java:251)
at org.testng.remote.RemoteTestNG.main(RemoteTestNG.java:77)
]]>
            </full-stacktrace>
          </exception> <!-- org.openqa.selenium.NoSuchElementException -->
          <reporter-output>
          </reporter-output>
        </test-method> <!-- screenAgentTitle -->
        <test-method status="PASS" signature="close()[pri:0, instance:testsuite.screenTitle_test@646007f4]" name="close" is-config="true" duration-ms="1" started-at="2022-04-22T00:15:25 PDT" finished-at="2022-04-22T00:15:25 PDT">
          <reporter-output>
          </reporter-output>
        </test-method> <!-- close -->
      </class> <!-- testsuite.screenTitle_test -->
      <class name="testsuite.baseTest">
        <test-method status="PASS" signature="beforeSuite(org.testng.ITestContext)[pri:0, instance:testsuite.baseTest@706a04ae]" name="beforeSuite" is-config="true" duration-ms="10" started-at="2022-04-22T00:09:23 PDT" finished-at="2022-04-22T00:09:23 PDT">
          <params>
            <param index="0">
              <value>
                <![CDATA[org.testng.TestRunner@76134b9b]]>
              </value>
            </param>
          </params>
          <reporter-output>
          </reporter-output>
        </test-method> <!-- beforeSuite -->
        <test-method status="PASS" signature="beforTestMethod(org.testng.ITestContext)[pri:0, instance:testsuite.baseTest@706a04ae]" name="beforTestMethod" is-config="true" duration-ms="3134" started-at="2022-04-22T00:09:23 PDT" finished-at="2022-04-22T00:09:26 PDT">
          <params>
            <param index="0">
              <value>
                <![CDATA[org.testng.TestRunner@76134b9b]]>
              </value>
            </param>
          </params>
          <reporter-output>
          </reporter-output>
        </test-method> <!-- beforTestMethod -->
        <test-method status="PASS" signature="welcome()[pri:0, instance:testsuite.baseTest@706a04ae]" name="welcome" is-config="true" duration-ms="2241" started-at="2022-04-22T00:09:26 PDT" finished-at="2022-04-22T00:09:28 PDT">
          <reporter-output>
          </reporter-output>
        </test-method> <!-- welcome -->
        <test-method status="PASS" signature="VerifyeClaimsPortalforRepairFacilitieslink_27228_27231_27261()[pri:1, instance:testsuite.baseTest@706a04ae]" name="VerifyeClaimsPortalforRepairFacilitieslink_27228_27231_27261" duration-ms="180" started-at="2022-04-22T00:09:28 PDT" finished-at="2022-04-22T00:09:28 PDT">
          <reporter-output>
          </reporter-output>
        </test-method> <!-- VerifyeClaimsPortalforRepairFacilitieslink_27228_27231_27261 -->
        <test-method status="PASS" signature="VerifyRememberMyPasswordLocation_27214()[pri:2, instance:testsuite.baseTest@706a04ae]" name="VerifyRememberMyPasswordLocation_27214" duration-ms="218" started-at="2022-04-22T00:09:28 PDT" finished-at="2022-04-22T00:09:28 PDT">
          <reporter-output>
          </reporter-output>
        </test-method> <!-- VerifyRememberMyPasswordLocation_27214 -->
        <test-method status="PASS" signature="VerifyLocationPrivacyPolicyLink_27224_27239_27254()[pri:3, instance:testsuite.baseTest@706a04ae]" name="VerifyLocationPrivacyPolicyLink_27224_27239_27254" duration-ms="84" started-at="2022-04-22T00:09:28 PDT" finished-at="2022-04-22T00:09:29 PDT">
          <reporter-output>
          </reporter-output>
        </test-method> <!-- VerifyLocationPrivacyPolicyLink_27224_27239_27254 -->
        <test-method status="PASS" signature="VerifyWelcomeTextOnTheADLUILoginPage_27248_27244_27110()[pri:4, instance:testsuite.baseTest@706a04ae]" name="VerifyWelcomeTextOnTheADLUILoginPage_27248_27244_27110" duration-ms="92" started-at="2022-04-22T00:09:29 PDT" finished-at="2022-04-22T00:09:29 PDT">
          <reporter-output>
          </reporter-output>
        </test-method> <!-- VerifyWelcomeTextOnTheADLUILoginPage_27248_27244_27110 -->
        <test-method status="PASS" signature="VerifyGAPPortallinkfunctionality_27233_27259_27229()[pri:5, instance:testsuite.baseTest@706a04ae]" name="VerifyGAPPortallinkfunctionality_27233_27259_27229" duration-ms="71" started-at="2022-04-22T00:09:29 PDT" finished-at="2022-04-22T00:09:29 PDT">
          <reporter-output>
          </reporter-output>
        </test-method> <!-- VerifyGAPPortallinkfunctionality_27233_27259_27229 -->
        <test-method status="PASS" signature="VerifyForgotPassword_Loginastext_27238_27254_27220_27255_27237_27166()[pri:6, instance:testsuite.baseTest@706a04ae]" name="VerifyForgotPassword_Loginastext_27238_27254_27220_27255_27237_27166" duration-ms="76" started-at="2022-04-22T00:09:29 PDT" finished-at="2022-04-22T00:09:29 PDT">
          <reporter-output>
          </reporter-output>
        </test-method> <!-- VerifyForgotPassword_Loginastext_27238_27254_27220_27255_27237_27166 -->
        <test-method status="PASS" signature="Verify_image_on_the_right_side_of_the_login_page_27225()[pri:7, instance:testsuite.baseTest@706a04ae]" name="Verify_image_on_the_right_side_of_the_login_page_27225" duration-ms="37" started-at="2022-04-22T00:09:29 PDT" finished-at="2022-04-22T00:09:29 PDT">
          <reporter-output>
          </reporter-output>
        </test-method> <!-- Verify_image_on_the_right_side_of_the_login_page_27225 -->
        <test-method status="FAIL" signature="afterTestMethod(org.testng.ITestContext)[pri:0, instance:testsuite.baseTest@706a04ae]" name="afterTestMethod" is-config="true" duration-ms="1" started-at="2022-04-22T00:15:50 PDT" finished-at="2022-04-22T00:15:50 PDT">
          <params>
            <param index="0">
              <value>
                <![CDATA[org.testng.TestRunner@76134b9b]]>
              </value>
            </param>
          </params>
          <exception class="java.lang.NullPointerException">
            <full-stacktrace>
              <![CDATA[java.lang.NullPointerException
at utils.baseClass.afterTestMethod(baseClass.java:65)
at sun.reflect.NativeMethodAccessorImpl.invoke0(Native Method)
at sun.reflect.NativeMethodAccessorImpl.invoke(NativeMethodAccessorImpl.java:62)
at sun.reflect.DelegatingMethodAccessorImpl.invoke(DelegatingMethodAccessorImpl.java:43)
at java.lang.reflect.Method.invoke(Method.java:498)
at org.testng.internal.MethodInvocationHelper.invokeMethod(MethodInvocationHelper.java:133)
at org.testng.internal.MethodInvocationHelper.invokeMethodConsideringTimeout(MethodInvocationHelper.java:62)
at org.testng.internal.ConfigInvoker.invokeConfigurationMethod(ConfigInvoker.java:385)
at org.testng.internal.ConfigInvoker.invokeConfigurations(ConfigInvoker.java:321)
at org.testng.TestRunner.invokeTestConfigurations(TestRunner.java:637)
at org.testng.TestRunner.afterRun(TestRunner.java:877)
at org.testng.TestRunner.run(TestRunner.java:599)
at org.testng.SuiteRunner.runTest(SuiteRunner.java:377)
at org.testng.SuiteRunner.runSequentially(SuiteRunner.java:371)
at org.testng.SuiteRunner.privateRun(SuiteRunner.java:332)
at org.testng.SuiteRunner.run(SuiteRunner.java:276)
at org.testng.SuiteRunnerWorker.runSuite(SuiteRunnerWorker.java:53)
at org.testng.SuiteRunnerWorker.run(SuiteRunnerWorker.java:96)
at org.testng.TestNG.runSuitesSequentially(TestNG.java:1212)
at org.testng.TestNG.runSuitesLocally(TestNG.java:1134)
at org.testng.TestNG.runSuites(TestNG.java:1063)
at org.testng.TestNG.run(TestNG.java:1031)
at org.testng.remote.AbstractRemoteTestNG.run(AbstractRemoteTestNG.java:115)
at org.testng.remote.RemoteTestNG.initAndRun(RemoteTestNG.java:251)
at org.testng.remote.RemoteTestNG.main(RemoteTestNG.java:77)
]]>
            </full-stacktrace>
          </exception> <!-- java.lang.NullPointerException -->
          <reporter-output>
          </reporter-output>
        </test-method> <!-- afterTestMethod -->
        <test-method status="SKIP" signature="afterSuite(org.testng.ITestContext)[pri:0, instance:testsuite.baseTest@706a04ae]" name="afterSuite" is-config="true" duration-ms="-1650611750581" started-at="2022-04-22T00:15:50 PDT" finished-at="1969-12-31T16:00:00 PST">
          <reporter-output>
          </reporter-output>
        </test-method> <!-- afterSuite -->
      </class> <!-- testsuite.baseTest -->
      <class name="testsuite.loginValidation_test">
        <test-method status="PASS" signature="emptyLogin()[pri:0, instance:testsuite.loginValidation_test@149494d8]" name="emptyLogin" duration-ms="588" started-at="2022-04-22T00:09:29 PDT" finished-at="2022-04-22T00:09:29 PDT">
          <reporter-output>
          </reporter-output>
        </test-method> <!-- emptyLogin -->
        <test-method status="PASS" signature="emptyLoginPassword()[pri:0, instance:testsuite.loginValidation_test@149494d8]" name="emptyLoginPassword" duration-ms="515" started-at="2022-04-22T00:09:29 PDT" finished-at="2022-04-22T00:09:30 PDT">
          <reporter-output>
          </reporter-output>
        </test-method> <!-- emptyLoginPassword -->
        <test-method status="PASS" signature="emptyLoginUsername()[pri:0, instance:testsuite.loginValidation_test@149494d8]" name="emptyLoginUsername" duration-ms="501" started-at="2022-04-22T00:09:30 PDT" finished-at="2022-04-22T00:09:30 PDT">
          <reporter-output>
          </reporter-output>
        </test-method> <!-- emptyLoginUsername -->
        <test-method status="PASS" signature="incorrectCredential()[pri:0, instance:testsuite.loginValidation_test@149494d8]" name="incorrectCredential" duration-ms="597" started-at="2022-04-22T00:09:30 PDT" finished-at="2022-04-22T00:09:31 PDT">
          <reporter-output>
          </reporter-output>
        </test-method> <!-- incorrectCredential -->
        <test-method status="PASS" signature="incorrectpasswordCredential()[pri:0, instance:testsuite.loginValidation_test@149494d8]" name="incorrectpasswordCredential" duration-ms="558" started-at="2022-04-22T00:09:31 PDT" finished-at="2022-04-22T00:09:32 PDT">
          <reporter-output>
          </reporter-output>
        </test-method> <!-- incorrectpasswordCredential -->
        <test-method status="PASS" signature="incorrectusernameCredential()[pri:0, instance:testsuite.loginValidation_test@149494d8]" name="incorrectusernameCredential" duration-ms="588" started-at="2022-04-22T00:09:32 PDT" finished-at="2022-04-22T00:09:32 PDT">
          <reporter-output>
          </reporter-output>
        </test-method> <!-- incorrectusernameCredential -->
      </class> <!-- testsuite.loginValidation_test -->
      <class name="testsuite.quote_test">
        <test-method status="SKIP" signature="createQuote1([Ljava.lang.String;)[pri:1, instance:testsuite.quote_test@78186a70]" name="createQuote1" duration-ms="0" started-at="2022-04-22T00:15:40 PDT" data-provider="test1" finished-at="2022-04-22T00:15:40 PDT">
          <exception class="java.lang.RuntimeException">
            <message>
              <![CDATA[java.lang.Error: Unresolved compilation problems: 
She cannot be resolved to a type
Syntax error, insert ";" to complete LocalVariableDeclarationStatement
of cannot be resolved to a type
Syntax error on token "int", ; expected
et cannot be resolved to a type
totalNoOfRows cannot be resolved to a variable
totalNoOfRows cannot be resolved to a variable
]]>
            </message>
            <full-stacktrace>
              <![CDATA[java.lang.RuntimeException: java.lang.Error: Unresolved compilation problems: 
She cannot be resolved to a type
Syntax error, insert ";" to complete LocalVariableDeclarationStatement
of cannot be resolved to a type
Syntax error on token "int", ; expected
et cannot be resolved to a type
totalNoOfRows cannot be resolved to a variable
totalNoOfRows cannot be resolved to a variable

at org.testng.internal.MethodInvocationHelper.invokeMethodNoCheckedException(MethodInvocationHelper.java:50)
at org.testng.internal.MethodInvocationHelper.invokeDataProvider(MethodInvocationHelper.java:146)
at org.testng.internal.Parameters.handleParameters(Parameters.java:798)
at org.testng.internal.Parameters.handleParameters(Parameters.java:740)
at org.testng.internal.ParameterHandler.handleParameters(ParameterHandler.java:59)
at org.testng.internal.ParameterHandler.createParameters(ParameterHandler.java:38)
at org.testng.internal.TestInvoker$MethodInvocationAgent.invoke(TestInvoker.java:791)
at org.testng.internal.TestInvoker.invokeTestMethods(TestInvoker.java:146)
at org.testng.internal.TestMethodWorker.invokeTestMethods(TestMethodWorker.java:146)
at org.testng.internal.TestMethodWorker.run(TestMethodWorker.java:128)
at java.util.ArrayList.forEach(ArrayList.java:1259)
at org.testng.TestRunner.privateRun(TestRunner.java:794)
at org.testng.TestRunner.run(TestRunner.java:596)
at org.testng.SuiteRunner.runTest(SuiteRunner.java:377)
at org.testng.SuiteRunner.runSequentially(SuiteRunner.java:371)
at org.testng.SuiteRunner.privateRun(SuiteRunner.java:332)
at org.testng.SuiteRunner.run(SuiteRunner.java:276)
at org.testng.SuiteRunnerWorker.runSuite(SuiteRunnerWorker.java:53)
at org.testng.SuiteRunnerWorker.run(SuiteRunnerWorker.java:96)
at org.testng.TestNG.runSuitesSequentially(TestNG.java:1212)
at org.testng.TestNG.runSuitesLocally(TestNG.java:1134)
at org.testng.TestNG.runSuites(TestNG.java:1063)
at org.testng.TestNG.run(TestNG.java:1031)
at org.testng.remote.AbstractRemoteTestNG.run(AbstractRemoteTestNG.java:115)
at org.testng.remote.RemoteTestNG.initAndRun(RemoteTestNG.java:251)
at org.testng.remote.RemoteTestNG.main(RemoteTestNG.java:77)
Caused by: java.lang.Error: Unresolved compilation problems: 
She cannot be resolved to a type
Syntax error, insert ";" to complete LocalVariableDeclarationStatement
of cannot be resolved to a type
Syntax error on token "int", ; expected
et cannot be resolved to a type
totalNoOfRows cannot be resolved to a variable
totalNoOfRows cannot be resolved to a variable

at utils.baseClass.getExcelData(baseClass.java:155)
at sun.reflect.NativeMethodAccessorImpl.invoke0(Native Method)
at sun.reflect.NativeMethodAccessorImpl.invoke(NativeMethodAccessorImpl.java:62)
at sun.reflect.DelegatingMethodAccessorImpl.invoke(DelegatingMethodAccessorImpl.java:43)
at java.lang.reflect.Method.invoke(Method.java:498)
at org.testng.internal.MethodInvocationHelper.invokeMethod(MethodInvocationHelper.java:133)
at org.testng.internal.MethodInvocationHelper.invokeMethod(MethodInvocationHelper.java:77)
at org.testng.internal.MethodInvocationHelper.invokeMethodNoCheckedException(MethodInvocationHelper.java:46)
... 25 more
]]>
            </full-stacktrace>
          </exception> <!-- java.lang.RuntimeException -->
          <reporter-output>
          </reporter-output>
        </test-method> <!-- createQuote1 -->
        <test-method status="PASS" signature="close()[pri:0, instance:testsuite.quote_test@78186a70]" name="close" is-config="true" duration-ms="9653" started-at="2022-04-22T00:15:40 PDT" finished-at="2022-04-22T00:15:50 PDT">
          <reporter-output>
          </reporter-output>
        </test-method> <!-- close -->
      </class> <!-- testsuite.quote_test -->
    </test> <!-- ADL -->
  </suite> <!-- Regression -->
</testng-results>
