<?xml version="1.0" encoding="UTF-8"?>
<!-- Generated by org.testng.reporters.JUnitReportReporter -->
<testsuite skipped="15" hostname="AUL-DEV-03" name="testsuite.quote_test" tests="16" failures="0" timestamp="2022-07-21T00:37:37 PDT" time="0.005" errors="1">
  <testcase name="login" time="0.005" classname="testsuite.quote_test">
    <error type="org.openqa.selenium.NoSuchWindowException" message="no such window: target window already closed
from unknown error: web view not found
  (Session info: chrome=97.0.4692.99)
Build info: version: &#039;4.0.0&#039;, revision: &#039;3a21814679&#039;
System info: host: &#039;AUL-DEV-03&#039;, ip: &#039;10.0.5.63&#039;, os.name: &#039;Windows 10&#039;, os.arch: &#039;amd64&#039;, os.version: &#039;10.0&#039;, java.version: &#039;1.8.0_261&#039;
Driver info: org.openqa.selenium.chrome.ChromeDriver
Command: [bb3ba5d6a584f0b256ddcc171efa2e44, get {url=https://qa.adl.aulcorp.com/login}]
Capabilities {acceptInsecureCerts: false, browserName: chrome, browserVersion: 97.0.4692.99, chrome: {chromedriverVersion: 96.0.4664.45 (76e4c1bb2ab46..., userDataDir: C:\Users\ANKIT~1.SRI\AppDat...}, goog:chromeOptions: {debuggerAddress: localhost:62428}, javascriptEnabled: true, networkConnectionEnabled: false, pageLoadStrategy: normal, platform: WINDOWS, platformName: WINDOWS, proxy: Proxy(), se:cdp: ws://localhost:62428/devtoo..., se:cdpVersion: 97.0.4692.99, setWindowRect: true, strictFileInteractability: false, timeouts: {implicit: 0, pageLoad: 300000, script: 30000}, unhandledPromptBehavior: dismiss and notify, webauthn:extension:credBlob: true, webauthn:extension:largeBlob: true, webauthn:virtualAuthenticators: true}
Session ID: bb3ba5d6a584f0b256ddcc171efa2e44">
      <![CDATA[org.openqa.selenium.NoSuchWindowException: no such window: target window already closed
from unknown error: web view not found
  (Session info: chrome=97.0.4692.99)
Build info: version: '4.0.0', revision: '3a21814679'
System info: host: 'AUL-DEV-03', ip: '10.0.5.63', os.name: 'Windows 10', os.arch: 'amd64', os.version: '10.0', java.version: '1.8.0_261'
Driver info: org.openqa.selenium.chrome.ChromeDriver
Command: [bb3ba5d6a584f0b256ddcc171efa2e44, get {url=https://qa.adl.aulcorp.com/login}]
Capabilities {acceptInsecureCerts: false, browserName: chrome, browserVersion: 97.0.4692.99, chrome: {chromedriverVersion: 96.0.4664.45 (76e4c1bb2ab46..., userDataDir: C:\Users\ANKIT~1.SRI\AppDat...}, goog:chromeOptions: {debuggerAddress: localhost:62428}, javascriptEnabled: true, networkConnectionEnabled: false, pageLoadStrategy: normal, platform: WINDOWS, platformName: WINDOWS, proxy: Proxy(), se:cdp: ws://localhost:62428/devtoo..., se:cdpVersion: 97.0.4692.99, setWindowRect: true, strictFileInteractability: false, timeouts: {implicit: 0, pageLoad: 300000, script: 30000}, unhandledPromptBehavior: dismiss and notify, webauthn:extension:credBlob: true, webauthn:extension:largeBlob: true, webauthn:virtualAuthenticators: true}
Session ID: bb3ba5d6a584f0b256ddcc171efa2e44
at sun.reflect.GeneratedConstructorAccessor19.newInstance(Unknown Source)
at sun.reflect.DelegatingConstructorAccessorImpl.newInstance(DelegatingConstructorAccessorImpl.java:45)
at java.lang.reflect.Constructor.newInstance(Constructor.java:423)
at org.openqa.selenium.remote.codec.w3c.W3CHttpResponseCodec.createException(W3CHttpResponseCodec.java:200)
at org.openqa.selenium.remote.codec.w3c.W3CHttpResponseCodec.decode(W3CHttpResponseCodec.java:133)
at org.openqa.selenium.remote.codec.w3c.W3CHttpResponseCodec.decode(W3CHttpResponseCodec.java:53)
at org.openqa.selenium.remote.HttpCommandExecutor.execute(HttpCommandExecutor.java:184)
at org.openqa.selenium.remote.service.DriverCommandExecutor.invokeExecute(DriverCommandExecutor.java:164)
at org.openqa.selenium.remote.service.DriverCommandExecutor.execute(DriverCommandExecutor.java:139)
at org.openqa.selenium.remote.RemoteWebDriver.execute(RemoteWebDriver.java:559)
at org.openqa.selenium.remote.RemoteWebDriver.get(RemoteWebDriver.java:328)
at utils.baseClass.navigate(baseClass.java:187)
at testsuite.quote_test.login(quote_test.java:25)
at sun.reflect.NativeMethodAccessorImpl.invoke0(Native Method)
at sun.reflect.NativeMethodAccessorImpl.invoke(NativeMethodAccessorImpl.java:62)
at sun.reflect.DelegatingMethodAccessorImpl.invoke(DelegatingMethodAccessorImpl.java:43)
at java.lang.reflect.Method.invoke(Method.java:498)
at org.testng.internal.MethodInvocationHelper.invokeMethod(MethodInvocationHelper.java:133)
at org.testng.internal.MethodInvocationHelper.invokeMethodConsideringTimeout(MethodInvocationHelper.java:62)
at org.testng.internal.ConfigInvoker.invokeConfigurationMethod(ConfigInvoker.java:385)
at org.testng.internal.ConfigInvoker.invokeConfigurations(ConfigInvoker.java:321)
at org.testng.internal.TestMethodWorker.invokeBeforeClassMethods(TestMethodWorker.java:176)
at org.testng.internal.TestMethodWorker.run(TestMethodWorker.java:122)
at java.util.ArrayList.forEach(ArrayList.java:1259)
at org.testng.TestRunner.privateRun(TestRunner.java:794)
at org.testng.TestRunner.run(TestRunner.java:596)
at org.testng.SuiteRunner.runTest(SuiteRunner.java:377)
at org.testng.SuiteRunner.runSequentially(SuiteRunner.java:371)
at org.testng.SuiteRunner.privateRun(SuiteRunner.java:332)
at org.testng.SuiteRunner.run(SuiteRunner.java:276)
at org.testng.SuiteRunnerWorker.runSuite(SuiteRunnerWorker.java:53)
at org.testng.SuiteRunnerWorker.run(SuiteRunnerWorker.java:96)
at org.testng.TestNG.runSuitesSequentially(TestNG.java:1212)
at org.testng.TestNG.runSuitesLocally(TestNG.java:1134)
at org.testng.TestNG.runSuites(TestNG.java:1063)
at org.testng.TestNG.run(TestNG.java:1031)
at org.testng.remote.AbstractRemoteTestNG.run(AbstractRemoteTestNG.java:115)
at org.testng.remote.RemoteTestNG.initAndRun(RemoteTestNG.java:251)
at org.testng.remote.RemoteTestNG.main(RemoteTestNG.java:77)
]]>
    </error>
  </testcase> <!-- login -->
  <system-out/>
  <testcase name="createQuote1" time="0.000" classname="testsuite.quote_test">
    <skipped/>
  </testcase> <!-- createQuote1 -->
  <system-out/>
  <testcase name="createQuote1" time="0.000" classname="testsuite.quote_test">
    <skipped/>
  </testcase> <!-- createQuote1 -->
  <system-out/>
  <testcase name="createQuote1" time="0.000" classname="testsuite.quote_test">
    <skipped/>
  </testcase> <!-- createQuote1 -->
  <system-out/>
  <testcase name="createQuote1" time="0.000" classname="testsuite.quote_test">
    <skipped/>
  </testcase> <!-- createQuote1 -->
  <system-out/>
  <testcase name="createQuote1" time="0.000" classname="testsuite.quote_test">
    <skipped/>
  </testcase> <!-- createQuote1 -->
  <system-out/>
  <testcase name="createQuote1" time="0.000" classname="testsuite.quote_test">
    <skipped/>
  </testcase> <!-- createQuote1 -->
  <system-out/>
  <testcase name="createQuote1" time="0.000" classname="testsuite.quote_test">
    <skipped/>
  </testcase> <!-- createQuote1 -->
  <system-out/>
  <testcase name="createQuote1" time="0.000" classname="testsuite.quote_test">
    <skipped/>
  </testcase> <!-- createQuote1 -->
  <system-out/>
  <testcase name="createQuote1" time="0.000" classname="testsuite.quote_test">
    <skipped/>
  </testcase> <!-- createQuote1 -->
  <system-out/>
  <testcase name="createQuote1" time="0.000" classname="testsuite.quote_test">
    <skipped/>
  </testcase> <!-- createQuote1 -->
  <system-out/>
  <testcase name="createQuote1" time="0.000" classname="testsuite.quote_test">
    <skipped/>
  </testcase> <!-- createQuote1 -->
  <system-out/>
  <testcase name="createQuote1" time="0.000" classname="testsuite.quote_test">
    <skipped/>
  </testcase> <!-- createQuote1 -->
  <system-out/>
  <testcase name="createQuote1" time="0.000" classname="testsuite.quote_test">
    <skipped/>
  </testcase> <!-- createQuote1 -->
  <system-out/>
  <testcase name="createQuote1" time="0.000" classname="testsuite.quote_test">
    <skipped/>
  </testcase> <!-- createQuote1 -->
  <system-out/>
  <testcase name="createQuote1" time="0.000" classname="testsuite.quote_test">
    <skipped/>
  </testcase> <!-- createQuote1 -->
  <system-out/>
</testsuite> <!-- testsuite.quote_test -->
